Build started 2019/1/9 下午 05:38:31.
     1>Project "C:\Users\dave.gan\Desktop\ControlServer_killuplus300-at-gmail.com3\SYS\CommunicationServerCpp.vcxproj" on node 2 (build target(s)).
     1>InitializeBuildStatus:
         Creating "Debug\SYS.unsuccessfulbuild" because "AlwaysCreate" was specified.
       ClCompile:
         All outputs are up-to-date.
         C:\Program Files (x86)\Microsoft Visual Studio 10.0\VC\bin\CL.exe /c /ZI /nologo /W3 /WX- /Od /Oy- /D WIN32 /D _DEBUG /D _CONSOLE /D _UNICODE /D UNICODE /Gm /EHsc /RTC1 /MDd /GS /fp:precise /Zc:wchar_t /Zc:forScope /Yu"StdAfx.h" /Fp"Debug\SYS.pch" /Fo"Debug\\" /Fd"Debug\vc100.pdb" /Gd /TP /analyze- /errorReport:prompt SYS.cpp
         SYS.cpp
     1>c:\users\dave.gan\desktop\controlserver_killuplus300-at-gmail.com3\sys\enum.h(18): warning C4482: nonstandard extension used: enum 'cas' used in qualified name
     1>c:\users\dave.gan\desktop\controlserver_killuplus300-at-gmail.com3\sys\enum.h(19): warning C4482: nonstandard extension used: enum 'cas' used in qualified name
     1>c:\users\dave.gan\desktop\controlserver_killuplus300-at-gmail.com3\sys\enum.h(20): warning C4482: nonstandard extension used: enum 'cas' used in qualified name
     1>c:\users\dave.gan\desktop\controlserver_killuplus300-at-gmail.com3\sys\enum.h(21): warning C4482: nonstandard extension used: enum 'cas' used in qualified name
     1>c:\users\dave.gan\desktop\controlserver_killuplus300-at-gmail.com3\sys\enum.h(22): warning C4482: nonstandard extension used: enum 'cas' used in qualified name
     1>c:\users\dave.gan\desktop\controlserver_killuplus300-at-gmail.com3\sys\enum.h(23): warning C4482: nonstandard extension used: enum 'cas' used in qualified name
     1>c:\users\dave.gan\desktop\controlserver_killuplus300-at-gmail.com3\sys\enum.h(24): warning C4482: nonstandard extension used: enum 'cas' used in qualified name
     1>c:\users\dave.gan\desktop\controlserver_killuplus300-at-gmail.com3\sys\enum.h(25): warning C4482: nonstandard extension used: enum 'cas' used in qualified name
     1>c:\users\dave.gan\desktop\controlserver_killuplus300-at-gmail.com3\sys\enum.h(26): warning C4482: nonstandard extension used: enum 'cas' used in qualified name
     1>c:\users\dave.gan\desktop\controlserver_killuplus300-at-gmail.com3\sys\enum.h(27): warning C4482: nonstandard extension used: enum 'cas' used in qualified name
     1>c:\users\dave.gan\desktop\controlserver_killuplus300-at-gmail.com3\sys\enum.h(28): warning C4482: nonstandard extension used: enum 'cas' used in qualified name
     1>c:\users\dave.gan\desktop\controlserver_killuplus300-at-gmail.com3\sys\enum.h(29): warning C4482: nonstandard extension used: enum 'cas' used in qualified name
     1>c:\users\dave.gan\desktop\controlserver_killuplus300-at-gmail.com3\sys\enum.h(30): warning C4482: nonstandard extension used: enum 'cas' used in qualified name
     1>c:\users\dave.gan\desktop\controlserver_killuplus300-at-gmail.com3\sys\enum.h(31): warning C4482: nonstandard extension used: enum 'cas' used in qualified name
     1>c:\users\dave.gan\desktop\controlserver_killuplus300-at-gmail.com3\sys\enum.h(32): warning C4482: nonstandard extension used: enum 'cas' used in qualified name
     1>c:\users\dave.gan\desktop\controlserver_killuplus300-at-gmail.com3\sys\enum.h(33): warning C4482: nonstandard extension used: enum 'cas' used in qualified name
     1>c:\users\dave.gan\desktop\controlserver_killuplus300-at-gmail.com3\sys\enum.h(34): warning C4482: nonstandard extension used: enum 'cas' used in qualified name
     1>c:\users\dave.gan\desktop\controlserver_killuplus300-at-gmail.com3\sys\enum.h(35): warning C4482: nonstandard extension used: enum 'cas' used in qualified name
     1>c:\users\dave.gan\desktop\controlserver_killuplus300-at-gmail.com3\sys\enum.h(36): warning C4482: nonstandard extension used: enum 'cas' used in qualified name
     1>c:\users\dave.gan\desktop\controlserver_killuplus300-at-gmail.com3\sys\enum.h(37): warning C4482: nonstandard extension used: enum 'cas' used in qualified name
     1>c:\users\dave.gan\desktop\controlserver_killuplus300-at-gmail.com3\sys\enum.h(38): warning C4482: nonstandard extension used: enum 'cas' used in qualified name
     1>c:\users\dave.gan\desktop\controlserver_killuplus300-at-gmail.com3\sys\enum.h(39): warning C4482: nonstandard extension used: enum 'cas' used in qualified name
     1>c:\users\dave.gan\desktop\controlserver_killuplus300-at-gmail.com3\sys\enum.h(40): warning C4482: nonstandard extension used: enum 'cas' used in qualified name
     1>c:\users\dave.gan\desktop\controlserver_killuplus300-at-gmail.com3\sys\enum.h(41): warning C4482: nonstandard extension used: enum 'cas' used in qualified name
     1>c:\users\dave.gan\desktop\controlserver_killuplus300-at-gmail.com3\sys\enum.h(51): warning C4482: nonstandard extension used: enum 'CS' used in qualified name
     1>c:\users\dave.gan\desktop\controlserver_killuplus300-at-gmail.com3\sys\enum.h(52): warning C4482: nonstandard extension used: enum 'CS' used in qualified name
     1>c:\users\dave.gan\desktop\controlserver_killuplus300-at-gmail.com3\sys\enum.h(53): warning C4482: nonstandard extension used: enum 'CS' used in qualified name
     1>c:\users\dave.gan\desktop\controlserver_killuplus300-at-gmail.com3\sys\enum.h(54): warning C4482: nonstandard extension used: enum 'CS' used in qualified name
     1>c:\users\dave.gan\desktop\controlserver_killuplus300-at-gmail.com3\sys\enum.h(55): warning C4482: nonstandard extension used: enum 'CS' used in qualified name
     1>c:\users\dave.gan\desktop\controlserver_killuplus300-at-gmail.com3\sys\enum.h(56): warning C4482: nonstandard extension used: enum 'CS' used in qualified name
     1>c:\users\dave.gan\desktop\controlserver_killuplus300-at-gmail.com3\sys\enum.h(57): warning C4482: nonstandard extension used: enum 'CS' used in qualified name
     1>c:\users\dave.gan\desktop\controlserver_killuplus300-at-gmail.com3\sys\enum.h(58): warning C4482: nonstandard extension used: enum 'CS' used in qualified name
     1>c:\users\dave.gan\desktop\controlserver_killuplus300-at-gmail.com3\sys\enum.h(59): warning C4482: nonstandard extension used: enum 'CS' used in qualified name
     1>c:\users\dave.gan\desktop\controlserver_killuplus300-at-gmail.com3\sys\enum.h(60): warning C4482: nonstandard extension used: enum 'CS' used in qualified name
     1>c:\users\dave.gan\desktop\controlserver_killuplus300-at-gmail.com3\sys\enum.h(61): warning C4482: nonstandard extension used: enum 'CS' used in qualified name
     1>c:\users\dave.gan\desktop\controlserver_killuplus300-at-gmail.com3\sys\enum.h(62): warning C4482: nonstandard extension used: enum 'CS' used in qualified name
     1>c:\users\dave.gan\desktop\controlserver_killuplus300-at-gmail.com3\sys\enum.h(63): warning C4482: nonstandard extension used: enum 'CS' used in qualified name
     1>c:\users\dave.gan\desktop\controlserver_killuplus300-at-gmail.com3\sys\enum.h(64): warning C4482: nonstandard extension used: enum 'CS' used in qualified name
     1>c:\users\dave.gan\desktop\controlserver_killuplus300-at-gmail.com3\sys\enum.h(65): warning C4482: nonstandard extension used: enum 'CS' used in qualified name
     1>c:\users\dave.gan\desktop\controlserver_killuplus300-at-gmail.com3\sys\enum.h(66): warning C4482: nonstandard extension used: enum 'CS' used in qualified name
     1>c:\users\dave.gan\desktop\controlserver_killuplus300-at-gmail.com3\sys\enum.h(76): warning C4482: nonstandard extension used: enum 'IP' used in qualified name
     1>c:\users\dave.gan\desktop\controlserver_killuplus300-at-gmail.com3\sys\enum.h(77): warning C4482: nonstandard extension used: enum 'IP' used in qualified name
     1>c:\users\dave.gan\desktop\controlserver_killuplus300-at-gmail.com3\sys\enum.h(78): warning C4482: nonstandard extension used: enum 'IP' used in qualified name
     1>c:\users\dave.gan\desktop\controlserver_killuplus300-at-gmail.com3\sys\enum.h(79): warning C4482: nonstandard extension used: enum 'IP' used in qualified name
     1>c:\users\dave.gan\desktop\controlserver_killuplus300-at-gmail.com3\sys\enum.h(80): warning C4482: nonstandard extension used: enum 'IP' used in qualified name
     1>c:\users\dave.gan\desktop\controlserver_killuplus300-at-gmail.com3\sys\enum.h(81): warning C4482: nonstandard extension used: enum 'IP' used in qualified name
     1>c:\users\dave.gan\desktop\controlserver_killuplus300-at-gmail.com3\sys\enum.h(82): warning C4482: nonstandard extension used: enum 'IP' used in qualified name
     1>c:\users\dave.gan\desktop\controlserver_killuplus300-at-gmail.com3\sys\enum.h(83): warning C4482: nonstandard extension used: enum 'IP' used in qualified name
     1>c:\users\dave.gan\desktop\controlserver_killuplus300-at-gmail.com3\sys\enum.h(84): warning C4482: nonstandard extension used: enum 'IP' used in qualified name
     1>c:\users\dave.gan\desktop\controlserver_killuplus300-at-gmail.com3\sys\enum.h(85): warning C4482: nonstandard extension used: enum 'IP' used in qualified name
     1>c:\users\dave.gan\desktop\controlserver_killuplus300-at-gmail.com3\sys\enum.h(86): warning C4482: nonstandard extension used: enum 'IP' used in qualified name
     1>c:\users\dave.gan\desktop\controlserver_killuplus300-at-gmail.com3\sys\enum.h(87): warning C4482: nonstandard extension used: enum 'IP' used in qualified name
     1>c:\users\dave.gan\desktop\controlserver_killuplus300-at-gmail.com3\sys\enum.h(88): warning C4482: nonstandard extension used: enum 'IP' used in qualified name
     1>c:\users\dave.gan\desktop\controlserver_killuplus300-at-gmail.com3\sys\enum.h(89): warning C4482: nonstandard extension used: enum 'IP' used in qualified name
     1>c:\users\dave.gan\desktop\controlserver_killuplus300-at-gmail.com3\sys\enum.h(90): warning C4482: nonstandard extension used: enum 'IP' used in qualified name
     1>c:\users\dave.gan\desktop\controlserver_killuplus300-at-gmail.com3\sys\sys.h(31): warning C4482: nonstandard extension used: enum 'IP' used in qualified name
     1>c:\users\dave.gan\desktop\controlserver_killuplus300-at-gmail.com3\sys\sys.cpp(33): warning C4996: 'mbstowcs': This function or variable may be unsafe. Consider using mbstowcs_s instead. To disable deprecation, use _CRT_SECURE_NO_WARNINGS. See online help for details.
                 c:\program files (x86)\microsoft visual studio 10.0\vc\include\stdlib.h(498) : see declaration of 'mbstowcs'
     1>c:\users\dave.gan\desktop\controlserver_killuplus300-at-gmail.com3\sys\sys.cpp(35): warning C4996: 'mbstowcs': This function or variable may be unsafe. Consider using mbstowcs_s instead. To disable deprecation, use _CRT_SECURE_NO_WARNINGS. See online help for details.
                 c:\program files (x86)\microsoft visual studio 10.0\vc\include\stdlib.h(498) : see declaration of 'mbstowcs'
     1>c:\users\dave.gan\desktop\controlserver_killuplus300-at-gmail.com3\sys\sys.cpp(67): warning C4482: nonstandard extension used: enum 'IP' used in qualified name
     1>c:\users\dave.gan\desktop\controlserver_killuplus300-at-gmail.com3\sys\sys.cpp(68): warning C4482: nonstandard extension used: enum 'IP' used in qualified name
     1>c:\users\dave.gan\desktop\controlserver_killuplus300-at-gmail.com3\sys\sys.cpp(69): warning C4482: nonstandard extension used: enum 'IP' used in qualified name
     1>c:\users\dave.gan\desktop\controlserver_killuplus300-at-gmail.com3\sys\sys.cpp(70): warning C4482: nonstandard extension used: enum 'IP' used in qualified name
     1>c:\users\dave.gan\desktop\controlserver_killuplus300-at-gmail.com3\sys\sys.cpp(106): warning C4482: nonstandard extension used: enum 'cas' used in qualified name
     1>c:\users\dave.gan\desktop\controlserver_killuplus300-at-gmail.com3\sys\sys.cpp(109): warning C4482: nonstandard extension used: enum 'cas' used in qualified name
     1>c:\users\dave.gan\desktop\controlserver_killuplus300-at-gmail.com3\sys\sys.cpp(113): warning C4482: nonstandard extension used: enum 'cas' used in qualified name
     1>c:\users\dave.gan\desktop\controlserver_killuplus300-at-gmail.com3\sys\sys.cpp(116): warning C4482: nonstandard extension used: enum 'cas' used in qualified name
     1>c:\users\dave.gan\desktop\controlserver_killuplus300-at-gmail.com3\sys\sys.cpp(117): warning C4482: nonstandard extension used: enum 'cas' used in qualified name
     1>c:\users\dave.gan\desktop\controlserver_killuplus300-at-gmail.com3\sys\sys.cpp(120): warning C4482: nonstandard extension used: enum 'cas' used in qualified name
     1>c:\users\dave.gan\desktop\controlserver_killuplus300-at-gmail.com3\sys\sys.cpp(121): warning C4482: nonstandard extension used: enum 'cas' used in qualified name
     1>c:\users\dave.gan\desktop\controlserver_killuplus300-at-gmail.com3\sys\sys.cpp(122): warning C4482: nonstandard extension used: enum 'cas' used in qualified name
     1>c:\users\dave.gan\desktop\controlserver_killuplus300-at-gmail.com3\sys\sys.cpp(141): warning C4482: nonstandard extension used: enum 'cas' used in qualified name
     1>c:\users\dave.gan\desktop\controlserver_killuplus300-at-gmail.com3\sys\sys.cpp(144): warning C4482: nonstandard extension used: enum 'cas' used in qualified name
     1>c:\users\dave.gan\desktop\controlserver_killuplus300-at-gmail.com3\sys\sys.cpp(148): warning C4482: nonstandard extension used: enum 'cas' used in qualified name
     1>c:\users\dave.gan\desktop\controlserver_killuplus300-at-gmail.com3\sys\sys.cpp(151): warning C4482: nonstandard extension used: enum 'cas' used in qualified name
     1>c:\users\dave.gan\desktop\controlserver_killuplus300-at-gmail.com3\sys\sys.cpp(152): warning C4482: nonstandard extension used: enum 'cas' used in qualified name
     1>c:\users\dave.gan\desktop\controlserver_killuplus300-at-gmail.com3\sys\sys.cpp(155): warning C4482: nonstandard extension used: enum 'cas' used in qualified name
     1>c:\users\dave.gan\desktop\controlserver_killuplus300-at-gmail.com3\sys\sys.cpp(156): warning C4482: nonstandard extension used: enum 'cas' used in qualified name
     1>c:\users\dave.gan\desktop\controlserver_killuplus300-at-gmail.com3\sys\sys.cpp(159): warning C4482: nonstandard extension used: enum 'cas' used in qualified name
     1>c:\users\dave.gan\desktop\controlserver_killuplus300-at-gmail.com3\sys\sys.cpp(160): warning C4482: nonstandard extension used: enum 'cas' used in qualified name
     1>c:\users\dave.gan\desktop\controlserver_killuplus300-at-gmail.com3\sys\sys.cpp(163): warning C4482: nonstandard extension used: enum 'cas' used in qualified name
     1>c:\users\dave.gan\desktop\controlserver_killuplus300-at-gmail.com3\sys\sys.cpp(164): warning C4482: nonstandard extension used: enum 'cas' used in qualified name
     1>c:\users\dave.gan\desktop\controlserver_killuplus300-at-gmail.com3\sys\sys.cpp(167): warning C4482: nonstandard extension used: enum 'cas' used in qualified name
     1>c:\users\dave.gan\desktop\controlserver_killuplus300-at-gmail.com3\sys\sys.cpp(168): warning C4482: nonstandard extension used: enum 'cas' used in qualified name
     1>c:\users\dave.gan\desktop\controlserver_killuplus300-at-gmail.com3\sys\sys.cpp(169): warning C4482: nonstandard extension used: enum 'cas' used in qualified name
     1>c:\users\dave.gan\desktop\controlserver_killuplus300-at-gmail.com3\sys\sys.cpp(188): warning C4482: nonstandard extension used: enum 'cas' used in qualified name
     1>c:\users\dave.gan\desktop\controlserver_killuplus300-at-gmail.com3\sys\sys.cpp(191): warning C4482: nonstandard extension used: enum 'cas' used in qualified name
     1>c:\users\dave.gan\desktop\controlserver_killuplus300-at-gmail.com3\sys\sys.cpp(195): warning C4482: nonstandard extension used: enum 'cas' used in qualified name
     1>c:\users\dave.gan\desktop\controlserver_killuplus300-at-gmail.com3\sys\sys.cpp(198): warning C4482: nonstandard extension used: enum 'cas' used in qualified name
     1>c:\users\dave.gan\desktop\controlserver_killuplus300-at-gmail.com3\sys\sys.cpp(199): warning C4482: nonstandard extension used: enum 'cas' used in qualified name
     1>c:\users\dave.gan\desktop\controlserver_killuplus300-at-gmail.com3\sys\sys.cpp(202): warning C4482: nonstandard extension used: enum 'cas' used in qualified name
     1>c:\users\dave.gan\desktop\controlserver_killuplus300-at-gmail.com3\sys\sys.cpp(203): warning C4482: nonstandard extension used: enum 'cas' used in qualified name
     1>c:\users\dave.gan\desktop\controlserver_killuplus300-at-gmail.com3\sys\sys.cpp(206): warning C4482: nonstandard extension used: enum 'cas' used in qualified name
     1>c:\users\dave.gan\desktop\controlserver_killuplus300-at-gmail.com3\sys\sys.cpp(207): warning C4482: nonstandard extension used: enum 'cas' used in qualified name
     1>c:\users\dave.gan\desktop\controlserver_killuplus300-at-gmail.com3\sys\sys.cpp(210): warning C4482: nonstandard extension used: enum 'cas' used in qualified name
     1>c:\users\dave.gan\desktop\controlserver_killuplus300-at-gmail.com3\sys\sys.cpp(213): warning C4482: nonstandard extension used: enum 'IP' used in qualified name
     1>c:\users\dave.gan\desktop\controlserver_killuplus300-at-gmail.com3\sys\sys.cpp(213): warning C4482: nonstandard extension used: enum 'CS' used in qualified name
     1>c:\users\dave.gan\desktop\controlserver_killuplus300-at-gmail.com3\sys\sys.cpp(214): warning C4482: nonstandard extension used: enum 'cas' used in qualified name
     1>c:\users\dave.gan\desktop\controlserver_killuplus300-at-gmail.com3\sys\sys.cpp(218): warning C4482: nonstandard extension used: enum 'IP' used in qualified name
     1>c:\users\dave.gan\desktop\controlserver_killuplus300-at-gmail.com3\sys\sys.cpp(218): warning C4482: nonstandard extension used: enum 'CS' used in qualified name
     1>c:\users\dave.gan\desktop\controlserver_killuplus300-at-gmail.com3\sys\sys.cpp(220): warning C4482: nonstandard extension used: enum 'cas' used in qualified name
     1>c:\users\dave.gan\desktop\controlserver_killuplus300-at-gmail.com3\sys\sys.cpp(222): warning C4482: nonstandard extension used: enum 'IP' used in qualified name
     1>c:\users\dave.gan\desktop\controlserver_killuplus300-at-gmail.com3\sys\sys.cpp(222): warning C4482: nonstandard extension used: enum 'CS' used in qualified name
     1>c:\users\dave.gan\desktop\controlserver_killuplus300-at-gmail.com3\sys\sys.cpp(224): warning C4482: nonstandard extension used: enum 'cas' used in qualified name
     1>c:\users\dave.gan\desktop\controlserver_killuplus300-at-gmail.com3\sys\sys.cpp(229): warning C4482: nonstandard extension used: enum 'cas' used in qualified name
     1>c:\users\dave.gan\desktop\controlserver_killuplus300-at-gmail.com3\sys\sys.cpp(230): warning C4482: nonstandard extension used: enum 'cas' used in qualified name
     1>c:\users\dave.gan\desktop\controlserver_killuplus300-at-gmail.com3\sys\sys.cpp(231): warning C4482: nonstandard extension used: enum 'cas' used in qualified name
     1>c:\users\dave.gan\desktop\controlserver_killuplus300-at-gmail.com3\sys\sys.cpp(233): warning C4482: nonstandard extension used: enum 'cas' used in qualified name
     1>c:\users\dave.gan\desktop\controlserver_killuplus300-at-gmail.com3\sys\sys.cpp(234): warning C4482: nonstandard extension used: enum 'cas' used in qualified name
     1>c:\users\dave.gan\desktop\controlserver_killuplus300-at-gmail.com3\sys\sys.cpp(235): warning C4482: nonstandard extension used: enum 'cas' used in qualified name
     1>c:\users\dave.gan\desktop\controlserver_killuplus300-at-gmail.com3\sys\sys.cpp(256): warning C4482: nonstandard extension used: enum 'cas' used in qualified name
     1>c:\users\dave.gan\desktop\controlserver_killuplus300-at-gmail.com3\sys\sys.cpp(259): warning C4482: nonstandard extension used: enum 'cas' used in qualified name
     1>c:\users\dave.gan\desktop\controlserver_killuplus300-at-gmail.com3\sys\sys.cpp(263): warning C4482: nonstandard extension used: enum 'cas' used in qualified name
     1>c:\users\dave.gan\desktop\controlserver_killuplus300-at-gmail.com3\sys\sys.cpp(266): warning C4482: nonstandard extension used: enum 'cas' used in qualified name
     1>c:\users\dave.gan\desktop\controlserver_killuplus300-at-gmail.com3\sys\sys.cpp(267): warning C4482: nonstandard extension used: enum 'cas' used in qualified name
     1>c:\users\dave.gan\desktop\controlserver_killuplus300-at-gmail.com3\sys\sys.cpp(270): warning C4482: nonstandard extension used: enum 'cas' used in qualified name
     1>c:\users\dave.gan\desktop\controlserver_killuplus300-at-gmail.com3\sys\sys.cpp(271): warning C4482: nonstandard extension used: enum 'cas' used in qualified name
     1>c:\users\dave.gan\desktop\controlserver_killuplus300-at-gmail.com3\sys\sys.cpp(272): warning C4482: nonstandard extension used: enum 'cas' used in qualified name
     1>c:\users\dave.gan\desktop\controlserver_killuplus300-at-gmail.com3\sys\sys.cpp(274): warning C4482: nonstandard extension used: enum 'cas' used in qualified name
     1>c:\users\dave.gan\desktop\controlserver_killuplus300-at-gmail.com3\sys\sys.cpp(276): warning C4482: nonstandard extension used: enum 'cas' used in qualified name
     1>c:\users\dave.gan\desktop\controlserver_killuplus300-at-gmail.com3\sys\sys.cpp(278): warning C4482: nonstandard extension used: enum 'cas' used in qualified name
     1>c:\users\dave.gan\desktop\controlserver_killuplus300-at-gmail.com3\sys\sys.cpp(282): warning C4482: nonstandard extension used: enum 'cas' used in qualified name
     1>c:\users\dave.gan\desktop\controlserver_killuplus300-at-gmail.com3\sys\sys.cpp(283): warning C4482: nonstandard extension used: enum 'cas' used in qualified name
     1>c:\users\dave.gan\desktop\controlserver_killuplus300-at-gmail.com3\sys\sys.cpp(284): warning C4482: nonstandard extension used: enum 'cas' used in qualified name
     1>c:\users\dave.gan\desktop\controlserver_killuplus300-at-gmail.com3\sys\sys.cpp(286): warning C4482: nonstandard extension used: enum 'cas' used in qualified name
     1>c:\users\dave.gan\desktop\controlserver_killuplus300-at-gmail.com3\sys\sys.cpp(288): warning C4482: nonstandard extension used: enum 'cas' used in qualified name
     1>c:\users\dave.gan\desktop\controlserver_killuplus300-at-gmail.com3\sys\sys.cpp(290): warning C4482: nonstandard extension used: enum 'cas' used in qualified name
     1>c:\users\dave.gan\desktop\controlserver_killuplus300-at-gmail.com3\sys\sys.cpp(294): warning C4482: nonstandard extension used: enum 'cas' used in qualified name
     1>c:\users\dave.gan\desktop\controlserver_killuplus300-at-gmail.com3\sys\sys.cpp(295): warning C4482: nonstandard extension used: enum 'cas' used in qualified name
     1>c:\users\dave.gan\desktop\controlserver_killuplus300-at-gmail.com3\sys\sys.cpp(296): warning C4482: nonstandard extension used: enum 'cas' used in qualified name
     1>c:\users\dave.gan\desktop\controlserver_killuplus300-at-gmail.com3\sys\sys.cpp(298): warning C4482: nonstandard extension used: enum 'cas' used in qualified name
     1>c:\users\dave.gan\desktop\controlserver_killuplus300-at-gmail.com3\sys\sys.cpp(299): warning C4482: nonstandard extension used: enum 'cas' used in qualified name
     1>c:\users\dave.gan\desktop\controlserver_killuplus300-at-gmail.com3\sys\sys.cpp(300): warning C4482: nonstandard extension used: enum 'cas' used in qualified name
     1>c:\users\dave.gan\desktop\controlserver_killuplus300-at-gmail.com3\sys\sys.cpp(319): warning C4482: nonstandard extension used: enum 'cas' used in qualified name
     1>c:\users\dave.gan\desktop\controlserver_killuplus300-at-gmail.com3\sys\sys.cpp(322): warning C4482: nonstandard extension used: enum 'cas' used in qualified name
     1>c:\users\dave.gan\desktop\controlserver_killuplus300-at-gmail.com3\sys\sys.cpp(326): warning C4482: nonstandard extension used: enum 'cas' used in qualified name
     1>c:\users\dave.gan\desktop\controlserver_killuplus300-at-gmail.com3\sys\sys.cpp(329): warning C4482: nonstandard extension used: enum 'cas' used in qualified name
     1>c:\users\dave.gan\desktop\controlserver_killuplus300-at-gmail.com3\sys\sys.cpp(330): warning C4482: nonstandard extension used: enum 'cas' used in qualified name
     1>c:\users\dave.gan\desktop\controlserver_killuplus300-at-gmail.com3\sys\sys.cpp(333): warning C4482: nonstandard extension used: enum 'cas' used in qualified name
     1>c:\users\dave.gan\desktop\controlserver_killuplus300-at-gmail.com3\sys\sys.cpp(334): warning C4482: nonstandard extension used: enum 'cas' used in qualified name
     1>c:\users\dave.gan\desktop\controlserver_killuplus300-at-gmail.com3\sys\sys.cpp(337): warning C4482: nonstandard extension used: enum 'cas' used in qualified name
     1>c:\users\dave.gan\desktop\controlserver_killuplus300-at-gmail.com3\sys\sys.cpp(338): warning C4482: nonstandard extension used: enum 'cas' used in qualified name
     1>c:\users\dave.gan\desktop\controlserver_killuplus300-at-gmail.com3\sys\sys.cpp(341): warning C4482: nonstandard extension used: enum 'cas' used in qualified name
     1>c:\users\dave.gan\desktop\controlserver_killuplus300-at-gmail.com3\sys\sys.cpp(342): warning C4482: nonstandard extension used: enum 'cas' used in qualified name
     1>c:\users\dave.gan\desktop\controlserver_killuplus300-at-gmail.com3\sys\sys.cpp(345): warning C4482: nonstandard extension used: enum 'cas' used in qualified name
     1>c:\users\dave.gan\desktop\controlserver_killuplus300-at-gmail.com3\sys\sys.cpp(346): warning C4482: nonstandard extension used: enum 'cas' used in qualified name
     1>c:\users\dave.gan\desktop\controlserver_killuplus300-at-gmail.com3\sys\sys.cpp(347): warning C4482: nonstandard extension used: enum 'cas' used in qualified name
     1>c:\users\dave.gan\desktop\controlserver_killuplus300-at-gmail.com3\sys\sys.cpp(368): warning C4482: nonstandard extension used: enum 'cas' used in qualified name
     1>c:\users\dave.gan\desktop\controlserver_killuplus300-at-gmail.com3\sys\sys.cpp(371): warning C4482: nonstandard extension used: enum 'cas' used in qualified name
     1>c:\users\dave.gan\desktop\controlserver_killuplus300-at-gmail.com3\sys\sys.cpp(375): warning C4482: nonstandard extension used: enum 'cas' used in qualified name
     1>c:\users\dave.gan\desktop\controlserver_killuplus300-at-gmail.com3\sys\sys.cpp(378): warning C4482: nonstandard extension used: enum 'cas' used in qualified name
     1>c:\users\dave.gan\desktop\controlserver_killuplus300-at-gmail.com3\sys\sys.cpp(386): warning C4482: nonstandard extension used: enum 'IP' used in qualified name
     1>c:\users\dave.gan\desktop\controlserver_killuplus300-at-gmail.com3\sys\sys.cpp(387): warning C4482: nonstandard extension used: enum 'IP' used in qualified name
     1>c:\users\dave.gan\desktop\controlserver_killuplus300-at-gmail.com3\sys\sys.cpp(387): warning C4482: nonstandard extension used: enum 'CS' used in qualified name
     1>c:\users\dave.gan\desktop\controlserver_killuplus300-at-gmail.com3\sys\sys.cpp(390): warning C4482: nonstandard extension used: enum 'IP' used in qualified name
     1>c:\users\dave.gan\desktop\controlserver_killuplus300-at-gmail.com3\sys\sys.cpp(390): warning C4482: nonstandard extension used: enum 'CS' used in qualified name
     1>c:\users\dave.gan\desktop\controlserver_killuplus300-at-gmail.com3\sys\sys.cpp(395): warning C4482: nonstandard extension used: enum 'cas' used in qualified name
     1>c:\users\dave.gan\desktop\controlserver_killuplus300-at-gmail.com3\sys\sys.cpp(396): warning C4482: nonstandard extension used: enum 'cas' used in qualified name
     1>c:\users\dave.gan\desktop\controlserver_killuplus300-at-gmail.com3\sys\sys.cpp(397): warning C4482: nonstandard extension used: enum 'cas' used in qualified name
     1>c:\users\dave.gan\desktop\controlserver_killuplus300-at-gmail.com3\sys\sys.cpp(399): warning C4482: nonstandard extension used: enum 'cas' used in qualified name
     1>c:\users\dave.gan\desktop\controlserver_killuplus300-at-gmail.com3\sys\sys.cpp(401): warning C4482: nonstandard extension used: enum 'cas' used in qualified name
     1>c:\users\dave.gan\desktop\controlserver_killuplus300-at-gmail.com3\sys\sys.cpp(403): warning C4482: nonstandard extension used: enum 'cas' used in qualified name
     1>c:\users\dave.gan\desktop\controlserver_killuplus300-at-gmail.com3\sys\sys.cpp(407): warning C4482: nonstandard extension used: enum 'cas' used in qualified name
     1>c:\users\dave.gan\desktop\controlserver_killuplus300-at-gmail.com3\sys\sys.cpp(410): warning C4482: nonstandard extension used: enum 'IP' used in qualified name
     1>c:\users\dave.gan\desktop\controlserver_killuplus300-at-gmail.com3\sys\sys.cpp(410): warning C4482: nonstandard extension used: enum 'CS' used in qualified name
     1>c:\users\dave.gan\desktop\controlserver_killuplus300-at-gmail.com3\sys\sys.cpp(411): warning C4482: nonstandard extension used: enum 'cas' used in qualified name
     1>c:\users\dave.gan\desktop\controlserver_killuplus300-at-gmail.com3\sys\sys.cpp(415): warning C4482: nonstandard extension used: enum 'IP' used in qualified name
     1>c:\users\dave.gan\desktop\controlserver_killuplus300-at-gmail.com3\sys\sys.cpp(416): warning C4482: nonstandard extension used: enum 'CS' used in qualified name
     1>c:\users\dave.gan\desktop\controlserver_killuplus300-at-gmail.com3\sys\sys.cpp(418): warning C4482: nonstandard extension used: enum 'cas' used in qualified name
     1>c:\users\dave.gan\desktop\controlserver_killuplus300-at-gmail.com3\sys\sys.cpp(420): warning C4482: nonstandard extension used: enum 'CS' used in qualified name
     1>c:\users\dave.gan\desktop\controlserver_killuplus300-at-gmail.com3\sys\sys.cpp(422): warning C4482: nonstandard extension used: enum 'cas' used in qualified name
     1>c:\users\dave.gan\desktop\controlserver_killuplus300-at-gmail.com3\sys\sys.cpp(427): warning C4482: nonstandard extension used: enum 'cas' used in qualified name
     1>c:\users\dave.gan\desktop\controlserver_killuplus300-at-gmail.com3\sys\sys.cpp(430): warning C4482: nonstandard extension used: enum 'IP' used in qualified name
     1>c:\users\dave.gan\desktop\controlserver_killuplus300-at-gmail.com3\sys\sys.cpp(430): warning C4482: nonstandard extension used: enum 'CS' used in qualified name
     1>c:\users\dave.gan\desktop\controlserver_killuplus300-at-gmail.com3\sys\sys.cpp(431): warning C4482: nonstandard extension used: enum 'cas' used in qualified name
     1>c:\users\dave.gan\desktop\controlserver_killuplus300-at-gmail.com3\sys\sys.cpp(435): warning C4482: nonstandard extension used: enum 'IP' used in qualified name
     1>c:\users\dave.gan\desktop\controlserver_killuplus300-at-gmail.com3\sys\sys.cpp(436): warning C4482: nonstandard extension used: enum 'CS' used in qualified name
     1>c:\users\dave.gan\desktop\controlserver_killuplus300-at-gmail.com3\sys\sys.cpp(438): warning C4482: nonstandard extension used: enum 'cas' used in qualified name
     1>c:\users\dave.gan\desktop\controlserver_killuplus300-at-gmail.com3\sys\sys.cpp(440): warning C4482: nonstandard extension used: enum 'CS' used in qualified name
     1>c:\users\dave.gan\desktop\controlserver_killuplus300-at-gmail.com3\sys\sys.cpp(442): warning C4482: nonstandard extension used: enum 'cas' used in qualified name
     1>c:\users\dave.gan\desktop\controlserver_killuplus300-at-gmail.com3\sys\sys.cpp(447): warning C4482: nonstandard extension used: enum 'cas' used in qualified name
     1>c:\users\dave.gan\desktop\controlserver_killuplus300-at-gmail.com3\sys\sys.cpp(448): warning C4482: nonstandard extension used: enum 'cas' used in qualified name
     1>c:\users\dave.gan\desktop\controlserver_killuplus300-at-gmail.com3\sys\sys.cpp(449): warning C4482: nonstandard extension used: enum 'cas' used in qualified name
     1>c:\users\dave.gan\desktop\controlserver_killuplus300-at-gmail.com3\sys\sys.cpp(451): warning C4482: nonstandard extension used: enum 'cas' used in qualified name
     1>c:\users\dave.gan\desktop\controlserver_killuplus300-at-gmail.com3\sys\sys.cpp(453): warning C4482: nonstandard extension used: enum 'cas' used in qualified name
     1>c:\users\dave.gan\desktop\controlserver_killuplus300-at-gmail.com3\sys\sys.cpp(455): warning C4482: nonstandard extension used: enum 'cas' used in qualified name
     1>c:\users\dave.gan\desktop\controlserver_killuplus300-at-gmail.com3\sys\sys.cpp(459): warning C4482: nonstandard extension used: enum 'cas' used in qualified name
     1>c:\users\dave.gan\desktop\controlserver_killuplus300-at-gmail.com3\sys\sys.cpp(461): warning C4482: nonstandard extension used: enum 'IP' used in qualified name
     1>c:\users\dave.gan\desktop\controlserver_killuplus300-at-gmail.com3\sys\sys.cpp(461): warning C4482: nonstandard extension used: enum 'CS' used in qualified name
     1>c:\users\dave.gan\desktop\controlserver_killuplus300-at-gmail.com3\sys\sys.cpp(464): warning C4482: nonstandard extension used: enum 'cas' used in qualified name
     1>c:\users\dave.gan\desktop\controlserver_killuplus300-at-gmail.com3\sys\sys.cpp(465): warning C4482: nonstandard extension used: enum 'IP' used in qualified name
     1>c:\users\dave.gan\desktop\controlserver_killuplus300-at-gmail.com3\sys\sys.cpp(465): warning C4482: nonstandard extension used: enum 'cas' used in qualified name
     1>c:\users\dave.gan\desktop\controlserver_killuplus300-at-gmail.com3\sys\sys.cpp(471): warning C4482: nonstandard extension used: enum 'cas' used in qualified name
     1>c:\users\dave.gan\desktop\controlserver_killuplus300-at-gmail.com3\sys\sys.cpp(473): warning C4482: nonstandard extension used: enum 'IP' used in qualified name
     1>c:\users\dave.gan\desktop\controlserver_killuplus300-at-gmail.com3\sys\sys.cpp(473): warning C4482: nonstandard extension used: enum 'CS' used in qualified name
     1>c:\users\dave.gan\desktop\controlserver_killuplus300-at-gmail.com3\sys\sys.cpp(476): warning C4482: nonstandard extension used: enum 'cas' used in qualified name
     1>c:\users\dave.gan\desktop\controlserver_killuplus300-at-gmail.com3\sys\sys.cpp(477): warning C4482: nonstandard extension used: enum 'IP' used in qualified name
     1>c:\users\dave.gan\desktop\controlserver_killuplus300-at-gmail.com3\sys\sys.cpp(477): warning C4482: nonstandard extension used: enum 'cas' used in qualified name
     1>c:\users\dave.gan\desktop\controlserver_killuplus300-at-gmail.com3\sys\sys.cpp(502): warning C4482: nonstandard extension used: enum 'cas' used in qualified name
     1>c:\users\dave.gan\desktop\controlserver_killuplus300-at-gmail.com3\sys\sys.cpp(505): warning C4482: nonstandard extension used: enum 'cas' used in qualified name
     1>c:\users\dave.gan\desktop\controlserver_killuplus300-at-gmail.com3\sys\sys.cpp(509): warning C4482: nonstandard extension used: enum 'cas' used in qualified name
     1>c:\users\dave.gan\desktop\controlserver_killuplus300-at-gmail.com3\sys\sys.cpp(512): warning C4482: nonstandard extension used: enum 'cas' used in qualified name
     1>c:\users\dave.gan\desktop\controlserver_killuplus300-at-gmail.com3\sys\sys.cpp(520): warning C4482: nonstandard extension used: enum 'IP' used in qualified name
     1>c:\users\dave.gan\desktop\controlserver_killuplus300-at-gmail.com3\sys\sys.cpp(520): warning C4482: nonstandard extension used: enum 'CS' used in qualified name
     1>c:\users\dave.gan\desktop\controlserver_killuplus300-at-gmail.com3\sys\sys.cpp(523): warning C4482: nonstandard extension used: enum 'IP' used in qualified name
     1>c:\users\dave.gan\desktop\controlserver_killuplus300-at-gmail.com3\sys\sys.cpp(523): warning C4482: nonstandard extension used: enum 'CS' used in qualified name
     1>c:\users\dave.gan\desktop\controlserver_killuplus300-at-gmail.com3\sys\sys.cpp(524): warning C4482: nonstandard extension used: enum 'cas' used in qualified name
     1>c:\users\dave.gan\desktop\controlserver_killuplus300-at-gmail.com3\sys\sys.cpp(529): warning C4482: nonstandard extension used: enum 'cas' used in qualified name
     1>c:\users\dave.gan\desktop\controlserver_killuplus300-at-gmail.com3\sys\sys.cpp(531): warning C4482: nonstandard extension used: enum 'cas' used in qualified name
     1>c:\users\dave.gan\desktop\controlserver_killuplus300-at-gmail.com3\sys\sys.cpp(533): warning C4482: nonstandard extension used: enum 'cas' used in qualified name
     1>c:\users\dave.gan\desktop\controlserver_killuplus300-at-gmail.com3\sys\sys.cpp(535): warning C4482: nonstandard extension used: enum 'cas' used in qualified name
     1>c:\users\dave.gan\desktop\controlserver_killuplus300-at-gmail.com3\sys\sys.cpp(537): warning C4482: nonstandard extension used: enum 'cas' used in qualified name
     1>c:\users\dave.gan\desktop\controlserver_killuplus300-at-gmail.com3\sys\sys.cpp(540): warning C4482: nonstandard extension used: enum 'cas' used in qualified name
     1>c:\users\dave.gan\desktop\controlserver_killuplus300-at-gmail.com3\sys\sys.cpp(550): warning C4482: nonstandard extension used: enum 'IP' used in qualified name
     1>c:\users\dave.gan\desktop\controlserver_killuplus300-at-gmail.com3\sys\sys.cpp(550): warning C4482: nonstandard extension used: enum 'CS' used in qualified name
     1>c:\users\dave.gan\desktop\controlserver_killuplus300-at-gmail.com3\sys\sys.cpp(551): warning C4482: nonstandard extension used: enum 'cas' used in qualified name
     1>c:\users\dave.gan\desktop\controlserver_killuplus300-at-gmail.com3\sys\sys.cpp(559): warning C4482: nonstandard extension used: enum 'IP' used in qualified name
     1>c:\users\dave.gan\desktop\controlserver_killuplus300-at-gmail.com3\sys\sys.cpp(559): warning C4482: nonstandard extension used: enum 'CS' used in qualified name
     1>c:\users\dave.gan\desktop\controlserver_killuplus300-at-gmail.com3\sys\sys.cpp(561): warning C4482: nonstandard extension used: enum 'cas' used in qualified name
     1>c:\users\dave.gan\desktop\controlserver_killuplus300-at-gmail.com3\sys\sys.cpp(563): warning C4482: nonstandard extension used: enum 'IP' used in qualified name
     1>c:\users\dave.gan\desktop\controlserver_killuplus300-at-gmail.com3\sys\sys.cpp(563): warning C4482: nonstandard extension used: enum 'CS' used in qualified name
     1>c:\users\dave.gan\desktop\controlserver_killuplus300-at-gmail.com3\sys\sys.cpp(565): warning C4482: nonstandard extension used: enum 'cas' used in qualified name
     1>c:\users\dave.gan\desktop\controlserver_killuplus300-at-gmail.com3\sys\sys.cpp(571): warning C4482: nonstandard extension used: enum 'cas' used in qualified name
     1>c:\users\dave.gan\desktop\controlserver_killuplus300-at-gmail.com3\sys\sys.cpp(572): warning C4482: nonstandard extension used: enum 'cas' used in qualified name
     1>c:\users\dave.gan\desktop\controlserver_killuplus300-at-gmail.com3\sys\sys.cpp(573): warning C4482: nonstandard extension used: enum 'cas' used in qualified name
     1>c:\users\dave.gan\desktop\controlserver_killuplus300-at-gmail.com3\sys\sys.cpp(574): warning C4482: nonstandard extension used: enum 'cas' used in qualified name
     1>c:\users\dave.gan\desktop\controlserver_killuplus300-at-gmail.com3\sys\sys.cpp(575): warning C4482: nonstandard extension used: enum 'cas' used in qualified name
     1>c:\users\dave.gan\desktop\controlserver_killuplus300-at-gmail.com3\sys\sys.cpp(578): warning C4482: nonstandard extension used: enum 'cas' used in qualified name
     1>c:\users\dave.gan\desktop\controlserver_killuplus300-at-gmail.com3\sys\sys.cpp(581): warning C4482: nonstandard extension used: enum 'IP' used in qualified name
     1>c:\users\dave.gan\desktop\controlserver_killuplus300-at-gmail.com3\sys\sys.cpp(581): warning C4482: nonstandard extension used: enum 'CS' used in qualified name
     1>c:\users\dave.gan\desktop\controlserver_killuplus300-at-gmail.com3\sys\sys.cpp(582): warning C4482: nonstandard extension used: enum 'cas' used in qualified name
     1>c:\users\dave.gan\desktop\controlserver_killuplus300-at-gmail.com3\sys\sys.cpp(590): warning C4482: nonstandard extension used: enum 'IP' used in qualified name
     1>c:\users\dave.gan\desktop\controlserver_killuplus300-at-gmail.com3\sys\sys.cpp(590): warning C4482: nonstandard extension used: enum 'CS' used in qualified name
     1>c:\users\dave.gan\desktop\controlserver_killuplus300-at-gmail.com3\sys\sys.cpp(592): warning C4482: nonstandard extension used: enum 'cas' used in qualified name
     1>c:\users\dave.gan\desktop\controlserver_killuplus300-at-gmail.com3\sys\sys.cpp(595): warning C4482: nonstandard extension used: enum 'IP' used in qualified name
     1>c:\users\dave.gan\desktop\controlserver_killuplus300-at-gmail.com3\sys\sys.cpp(595): warning C4482: nonstandard extension used: enum 'CS' used in qualified name
     1>c:\users\dave.gan\desktop\controlserver_killuplus300-at-gmail.com3\sys\sys.cpp(597): warning C4482: nonstandard extension used: enum 'cas' used in qualified name
     1>c:\users\dave.gan\desktop\controlserver_killuplus300-at-gmail.com3\sys\sys.cpp(602): warning C4482: nonstandard extension used: enum 'cas' used in qualified name
     1>c:\users\dave.gan\desktop\controlserver_killuplus300-at-gmail.com3\sys\sys.cpp(603): warning C4482: nonstandard extension used: enum 'cas' used in qualified name
     1>c:\users\dave.gan\desktop\controlserver_killuplus300-at-gmail.com3\sys\sys.cpp(604): warning C4482: nonstandard extension used: enum 'cas' used in qualified name
     1>c:\users\dave.gan\desktop\controlserver_killuplus300-at-gmail.com3\sys\sys.cpp(606): warning C4482: nonstandard extension used: enum 'cas' used in qualified name
     1>c:\users\dave.gan\desktop\controlserver_killuplus300-at-gmail.com3\sys\sys.cpp(608): warning C4482: nonstandard extension used: enum 'cas' used in qualified name
     1>c:\users\dave.gan\desktop\controlserver_killuplus300-at-gmail.com3\sys\sys.cpp(610): warning C4482: nonstandard extension used: enum 'cas' used in qualified name
     1>c:\users\dave.gan\desktop\controlserver_killuplus300-at-gmail.com3\sys\sys.cpp(614): warning C4482: nonstandard extension used: enum 'cas' used in qualified name
     1>c:\users\dave.gan\desktop\controlserver_killuplus300-at-gmail.com3\sys\sys.cpp(616): warning C4482: nonstandard extension used: enum 'IP' used in qualified name
     1>c:\users\dave.gan\desktop\controlserver_killuplus300-at-gmail.com3\sys\sys.cpp(616): warning C4482: nonstandard extension used: enum 'CS' used in qualified name
     1>c:\users\dave.gan\desktop\controlserver_killuplus300-at-gmail.com3\sys\sys.cpp(619): warning C4482: nonstandard extension used: enum 'cas' used in qualified name
     1>c:\users\dave.gan\desktop\controlserver_killuplus300-at-gmail.com3\sys\sys.cpp(620): warning C4482: nonstandard extension used: enum 'IP' used in qualified name
     1>c:\users\dave.gan\desktop\controlserver_killuplus300-at-gmail.com3\sys\sys.cpp(620): warning C4482: nonstandard extension used: enum 'cas' used in qualified name
     1>c:\users\dave.gan\desktop\controlserver_killuplus300-at-gmail.com3\sys\sys.cpp(626): warning C4482: nonstandard extension used: enum 'cas' used in qualified name
     1>c:\users\dave.gan\desktop\controlserver_killuplus300-at-gmail.com3\sys\sys.cpp(628): warning C4482: nonstandard extension used: enum 'IP' used in qualified name
     1>c:\users\dave.gan\desktop\controlserver_killuplus300-at-gmail.com3\sys\sys.cpp(628): warning C4482: nonstandard extension used: enum 'CS' used in qualified name
     1>c:\users\dave.gan\desktop\controlserver_killuplus300-at-gmail.com3\sys\sys.cpp(631): warning C4482: nonstandard extension used: enum 'cas' used in qualified name
     1>c:\users\dave.gan\desktop\controlserver_killuplus300-at-gmail.com3\sys\sys.cpp(632): warning C4482: nonstandard extension used: enum 'IP' used in qualified name
     1>c:\users\dave.gan\desktop\controlserver_killuplus300-at-gmail.com3\sys\sys.cpp(632): warning C4482: nonstandard extension used: enum 'cas' used in qualified name
     1>c:\users\dave.gan\desktop\controlserver_killuplus300-at-gmail.com3\sys\sys.cpp(655): warning C4482: nonstandard extension used: enum 'cas' used in qualified name
     1>c:\users\dave.gan\desktop\controlserver_killuplus300-at-gmail.com3\sys\sys.cpp(658): warning C4482: nonstandard extension used: enum 'cas' used in qualified name
     1>c:\users\dave.gan\desktop\controlserver_killuplus300-at-gmail.com3\sys\sys.cpp(662): warning C4482: nonstandard extension used: enum 'cas' used in qualified name
     1>c:\users\dave.gan\desktop\controlserver_killuplus300-at-gmail.com3\sys\sys.cpp(665): warning C4482: nonstandard extension used: enum 'cas' used in qualified name
     1>c:\users\dave.gan\desktop\controlserver_killuplus300-at-gmail.com3\sys\sys.cpp(674): warning C4482: nonstandard extension used: enum 'IP' used in qualified name
     1>c:\users\dave.gan\desktop\controlserver_killuplus300-at-gmail.com3\sys\sys.cpp(674): warning C4482: nonstandard extension used: enum 'CS' used in qualified name
     1>c:\users\dave.gan\desktop\controlserver_killuplus300-at-gmail.com3\sys\sys.cpp(677): warning C4482: nonstandard extension used: enum 'IP' used in qualified name
     1>c:\users\dave.gan\desktop\controlserver_killuplus300-at-gmail.com3\sys\sys.cpp(677): warning C4482: nonstandard extension used: enum 'CS' used in qualified name
     1>c:\users\dave.gan\desktop\controlserver_killuplus300-at-gmail.com3\sys\sys.cpp(678): warning C4482: nonstandard extension used: enum 'cas' used in qualified name
     1>c:\users\dave.gan\desktop\controlserver_killuplus300-at-gmail.com3\sys\sys.cpp(683): warning C4482: nonstandard extension used: enum 'cas' used in qualified name
     1>c:\users\dave.gan\desktop\controlserver_killuplus300-at-gmail.com3\sys\sys.cpp(685): warning C4482: nonstandard extension used: enum 'cas' used in qualified name
     1>c:\users\dave.gan\desktop\controlserver_killuplus300-at-gmail.com3\sys\sys.cpp(687): warning C4482: nonstandard extension used: enum 'cas' used in qualified name
     1>c:\users\dave.gan\desktop\controlserver_killuplus300-at-gmail.com3\sys\sys.cpp(689): warning C4482: nonstandard extension used: enum 'cas' used in qualified name
     1>c:\users\dave.gan\desktop\controlserver_killuplus300-at-gmail.com3\sys\sys.cpp(691): warning C4482: nonstandard extension used: enum 'cas' used in qualified name
     1>c:\users\dave.gan\desktop\controlserver_killuplus300-at-gmail.com3\sys\sys.cpp(694): warning C4482: nonstandard extension used: enum 'cas' used in qualified name
     1>c:\users\dave.gan\desktop\controlserver_killuplus300-at-gmail.com3\sys\sys.cpp(697): warning C4482: nonstandard extension used: enum 'cas' used in qualified name
     1>c:\users\dave.gan\desktop\controlserver_killuplus300-at-gmail.com3\sys\sys.cpp(703): warning C4482: nonstandard extension used: enum 'IP' used in qualified name
     1>c:\users\dave.gan\desktop\controlserver_killuplus300-at-gmail.com3\sys\sys.cpp(703): warning C4482: nonstandard extension used: enum 'CS' used in qualified name
     1>c:\users\dave.gan\desktop\controlserver_killuplus300-at-gmail.com3\sys\sys.cpp(704): warning C4482: nonstandard extension used: enum 'cas' used in qualified name
     1>c:\users\dave.gan\desktop\controlserver_killuplus300-at-gmail.com3\sys\sys.cpp(712): warning C4482: nonstandard extension used: enum 'IP' used in qualified name
     1>c:\users\dave.gan\desktop\controlserver_killuplus300-at-gmail.com3\sys\sys.cpp(712): warning C4482: nonstandard extension used: enum 'CS' used in qualified name
     1>c:\users\dave.gan\desktop\controlserver_killuplus300-at-gmail.com3\sys\sys.cpp(714): warning C4482: nonstandard extension used: enum 'cas' used in qualified name
     1>c:\users\dave.gan\desktop\controlserver_killuplus300-at-gmail.com3\sys\sys.cpp(716): warning C4482: nonstandard extension used: enum 'IP' used in qualified name
     1>c:\users\dave.gan\desktop\controlserver_killuplus300-at-gmail.com3\sys\sys.cpp(716): warning C4482: nonstandard extension used: enum 'CS' used in qualified name
     1>c:\users\dave.gan\desktop\controlserver_killuplus300-at-gmail.com3\sys\sys.cpp(718): warning C4482: nonstandard extension used: enum 'cas' used in qualified name
     1>c:\users\dave.gan\desktop\controlserver_killuplus300-at-gmail.com3\sys\sys.cpp(724): warning C4482: nonstandard extension used: enum 'cas' used in qualified name
     1>c:\users\dave.gan\desktop\controlserver_killuplus300-at-gmail.com3\sys\sys.cpp(725): warning C4482: nonstandard extension used: enum 'cas' used in qualified name
     1>c:\users\dave.gan\desktop\controlserver_killuplus300-at-gmail.com3\sys\sys.cpp(728): warning C4482: nonstandard extension used: enum 'cas' used in qualified name
     1>c:\users\dave.gan\desktop\controlserver_killuplus300-at-gmail.com3\sys\sys.cpp(729): warning C4482: nonstandard extension used: enum 'cas' used in qualified name
     1>c:\users\dave.gan\desktop\controlserver_killuplus300-at-gmail.com3\sys\sys.cpp(732): warning C4482: nonstandard extension used: enum 'cas' used in qualified name
     1>c:\users\dave.gan\desktop\controlserver_killuplus300-at-gmail.com3\sys\sys.cpp(733): warning C4482: nonstandard extension used: enum 'cas' used in qualified name
     1>c:\users\dave.gan\desktop\controlserver_killuplus300-at-gmail.com3\sys\sys.cpp(736): warning C4482: nonstandard extension used: enum 'cas' used in qualified name
     1>c:\users\dave.gan\desktop\controlserver_killuplus300-at-gmail.com3\sys\sys.cpp(737): warning C4482: nonstandard extension used: enum 'cas' used in qualified name
     1>c:\users\dave.gan\desktop\controlserver_killuplus300-at-gmail.com3\sys\sys.cpp(740): warning C4482: nonstandard extension used: enum 'cas' used in qualified name
     1>c:\users\dave.gan\desktop\controlserver_killuplus300-at-gmail.com3\sys\sys.cpp(743): warning C4482: nonstandard extension used: enum 'IP' used in qualified name
     1>c:\users\dave.gan\desktop\controlserver_killuplus300-at-gmail.com3\sys\sys.cpp(743): warning C4482: nonstandard extension used: enum 'CS' used in qualified name
     1>c:\users\dave.gan\desktop\controlserver_killuplus300-at-gmail.com3\sys\sys.cpp(744): warning C4482: nonstandard extension used: enum 'cas' used in qualified name
     1>c:\users\dave.gan\desktop\controlserver_killuplus300-at-gmail.com3\sys\sys.cpp(752): warning C4482: nonstandard extension used: enum 'IP' used in qualified name
     1>c:\users\dave.gan\desktop\controlserver_killuplus300-at-gmail.com3\sys\sys.cpp(752): warning C4482: nonstandard extension used: enum 'CS' used in qualified name
     1>c:\users\dave.gan\desktop\controlserver_killuplus300-at-gmail.com3\sys\sys.cpp(754): warning C4482: nonstandard extension used: enum 'cas' used in qualified name
     1>c:\users\dave.gan\desktop\controlserver_killuplus300-at-gmail.com3\sys\sys.cpp(757): warning C4482: nonstandard extension used: enum 'IP' used in qualified name
     1>c:\users\dave.gan\desktop\controlserver_killuplus300-at-gmail.com3\sys\sys.cpp(757): warning C4482: nonstandard extension used: enum 'CS' used in qualified name
     1>c:\users\dave.gan\desktop\controlserver_killuplus300-at-gmail.com3\sys\sys.cpp(759): warning C4482: nonstandard extension used: enum 'cas' used in qualified name
     1>c:\users\dave.gan\desktop\controlserver_killuplus300-at-gmail.com3\sys\sys.cpp(764): warning C4482: nonstandard extension used: enum 'cas' used in qualified name
     1>c:\users\dave.gan\desktop\controlserver_killuplus300-at-gmail.com3\sys\sys.cpp(766): warning C4482: nonstandard extension used: enum 'IP' used in qualified name
     1>c:\users\dave.gan\desktop\controlserver_killuplus300-at-gmail.com3\sys\sys.cpp(766): warning C4482: nonstandard extension used: enum 'CS' used in qualified name
     1>c:\users\dave.gan\desktop\controlserver_killuplus300-at-gmail.com3\sys\sys.cpp(769): warning C4482: nonstandard extension used: enum 'cas' used in qualified name
     1>c:\users\dave.gan\desktop\controlserver_killuplus300-at-gmail.com3\sys\sys.cpp(770): warning C4482: nonstandard extension used: enum 'IP' used in qualified name
     1>c:\users\dave.gan\desktop\controlserver_killuplus300-at-gmail.com3\sys\sys.cpp(770): warning C4482: nonstandard extension used: enum 'cas' used in qualified name
     1>c:\users\dave.gan\desktop\controlserver_killuplus300-at-gmail.com3\sys\sys.cpp(775): warning C4482: nonstandard extension used: enum 'cas' used in qualified name
     1>c:\users\dave.gan\desktop\controlserver_killuplus300-at-gmail.com3\sys\sys.cpp(777): warning C4482: nonstandard extension used: enum 'IP' used in qualified name
     1>c:\users\dave.gan\desktop\controlserver_killuplus300-at-gmail.com3\sys\sys.cpp(777): warning C4482: nonstandard extension used: enum 'CS' used in qualified name
     1>c:\users\dave.gan\desktop\controlserver_killuplus300-at-gmail.com3\sys\sys.cpp(780): warning C4482: nonstandard extension used: enum 'cas' used in qualified name
     1>c:\users\dave.gan\desktop\controlserver_killuplus300-at-gmail.com3\sys\sys.cpp(781): warning C4482: nonstandard extension used: enum 'IP' used in qualified name
     1>c:\users\dave.gan\desktop\controlserver_killuplus300-at-gmail.com3\sys\sys.cpp(781): warning C4482: nonstandard extension used: enum 'cas' used in qualified name
     1>c:\users\dave.gan\desktop\controlserver_killuplus300-at-gmail.com3\sys\sys.cpp(804): warning C4482: nonstandard extension used: enum 'cas' used in qualified name
     1>c:\users\dave.gan\desktop\controlserver_killuplus300-at-gmail.com3\sys\sys.cpp(807): warning C4482: nonstandard extension used: enum 'cas' used in qualified name
     1>c:\users\dave.gan\desktop\controlserver_killuplus300-at-gmail.com3\sys\sys.cpp(811): warning C4482: nonstandard extension used: enum 'cas' used in qualified name
     1>c:\users\dave.gan\desktop\controlserver_killuplus300-at-gmail.com3\sys\sys.cpp(814): warning C4482: nonstandard extension used: enum 'cas' used in qualified name
     1>c:\users\dave.gan\desktop\controlserver_killuplus300-at-gmail.com3\sys\sys.cpp(822): warning C4482: nonstandard extension used: enum 'IP' used in qualified name
     1>c:\users\dave.gan\desktop\controlserver_killuplus300-at-gmail.com3\sys\sys.cpp(822): warning C4482: nonstandard extension used: enum 'CS' used in qualified name
     1>c:\users\dave.gan\desktop\controlserver_killuplus300-at-gmail.com3\sys\sys.cpp(825): warning C4482: nonstandard extension used: enum 'IP' used in qualified name
     1>c:\users\dave.gan\desktop\controlserver_killuplus300-at-gmail.com3\sys\sys.cpp(825): warning C4482: nonstandard extension used: enum 'CS' used in qualified name
     1>c:\users\dave.gan\desktop\controlserver_killuplus300-at-gmail.com3\sys\sys.cpp(826): warning C4482: nonstandard extension used: enum 'cas' used in qualified name
     1>c:\users\dave.gan\desktop\controlserver_killuplus300-at-gmail.com3\sys\sys.cpp(831): warning C4482: nonstandard extension used: enum 'cas' used in qualified name
     1>c:\users\dave.gan\desktop\controlserver_killuplus300-at-gmail.com3\sys\sys.cpp(834): warning C4482: nonstandard extension used: enum 'IP' used in qualified name
     1>c:\users\dave.gan\desktop\controlserver_killuplus300-at-gmail.com3\sys\sys.cpp(834): warning C4482: nonstandard extension used: enum 'CS' used in qualified name
     1>c:\users\dave.gan\desktop\controlserver_killuplus300-at-gmail.com3\sys\sys.cpp(835): warning C4482: nonstandard extension used: enum 'cas' used in qualified name
     1>c:\users\dave.gan\desktop\controlserver_killuplus300-at-gmail.com3\sys\sys.cpp(843): warning C4482: nonstandard extension used: enum 'IP' used in qualified name
     1>c:\users\dave.gan\desktop\controlserver_killuplus300-at-gmail.com3\sys\sys.cpp(844): warning C4482: nonstandard extension used: enum 'CS' used in qualified name
     1>c:\users\dave.gan\desktop\controlserver_killuplus300-at-gmail.com3\sys\sys.cpp(846): warning C4482: nonstandard extension used: enum 'cas' used in qualified name
     1>c:\users\dave.gan\desktop\controlserver_killuplus300-at-gmail.com3\sys\sys.cpp(848): warning C4482: nonstandard extension used: enum 'CS' used in qualified name
     1>c:\users\dave.gan\desktop\controlserver_killuplus300-at-gmail.com3\sys\sys.cpp(850): warning C4482: nonstandard extension used: enum 'cas' used in qualified name
     1>c:\users\dave.gan\desktop\controlserver_killuplus300-at-gmail.com3\sys\sys.cpp(855): warning C4482: nonstandard extension used: enum 'cas' used in qualified name
     1>c:\users\dave.gan\desktop\controlserver_killuplus300-at-gmail.com3\sys\sys.cpp(858): warning C4482: nonstandard extension used: enum 'IP' used in qualified name
     1>c:\users\dave.gan\desktop\controlserver_killuplus300-at-gmail.com3\sys\sys.cpp(858): warning C4482: nonstandard extension used: enum 'CS' used in qualified name
     1>c:\users\dave.gan\desktop\controlserver_killuplus300-at-gmail.com3\sys\sys.cpp(859): warning C4482: nonstandard extension used: enum 'cas' used in qualified name
     1>c:\users\dave.gan\desktop\controlserver_killuplus300-at-gmail.com3\sys\sys.cpp(867): warning C4482: nonstandard extension used: enum 'IP' used in qualified name
     1>c:\users\dave.gan\desktop\controlserver_killuplus300-at-gmail.com3\sys\sys.cpp(868): warning C4482: nonstandard extension used: enum 'CS' used in qualified name
     1>c:\users\dave.gan\desktop\controlserver_killuplus300-at-gmail.com3\sys\sys.cpp(870): warning C4482: nonstandard extension used: enum 'cas' used in qualified name
     1>c:\users\dave.gan\desktop\controlserver_killuplus300-at-gmail.com3\sys\sys.cpp(872): warning C4482: nonstandard extension used: enum 'CS' used in qualified name
     1>c:\users\dave.gan\desktop\controlserver_killuplus300-at-gmail.com3\sys\sys.cpp(874): warning C4482: nonstandard extension used: enum 'cas' used in qualified name
     1>c:\users\dave.gan\desktop\controlserver_killuplus300-at-gmail.com3\sys\sys.cpp(880): warning C4482: nonstandard extension used: enum 'cas' used in qualified name
     1>c:\users\dave.gan\desktop\controlserver_killuplus300-at-gmail.com3\sys\sys.cpp(882): warning C4482: nonstandard extension used: enum 'IP' used in qualified name
     1>c:\users\dave.gan\desktop\controlserver_killuplus300-at-gmail.com3\sys\sys.cpp(882): warning C4482: nonstandard extension used: enum 'CS' used in qualified name
     1>c:\users\dave.gan\desktop\controlserver_killuplus300-at-gmail.com3\sys\sys.cpp(885): warning C4482: nonstandard extension used: enum 'cas' used in qualified name
     1>c:\users\dave.gan\desktop\controlserver_killuplus300-at-gmail.com3\sys\sys.cpp(886): warning C4482: nonstandard extension used: enum 'IP' used in qualified name
     1>c:\users\dave.gan\desktop\controlserver_killuplus300-at-gmail.com3\sys\sys.cpp(886): warning C4482: nonstandard extension used: enum 'cas' used in qualified name
     1>c:\users\dave.gan\desktop\controlserver_killuplus300-at-gmail.com3\sys\sys.cpp(891): warning C4482: nonstandard extension used: enum 'cas' used in qualified name
     1>c:\users\dave.gan\desktop\controlserver_killuplus300-at-gmail.com3\sys\sys.cpp(893): warning C4482: nonstandard extension used: enum 'IP' used in qualified name
     1>c:\users\dave.gan\desktop\controlserver_killuplus300-at-gmail.com3\sys\sys.cpp(893): warning C4482: nonstandard extension used: enum 'CS' used in qualified name
     1>c:\users\dave.gan\desktop\controlserver_killuplus300-at-gmail.com3\sys\sys.cpp(896): warning C4482: nonstandard extension used: enum 'cas' used in qualified name
     1>c:\users\dave.gan\desktop\controlserver_killuplus300-at-gmail.com3\sys\sys.cpp(897): warning C4482: nonstandard extension used: enum 'IP' used in qualified name
     1>c:\users\dave.gan\desktop\controlserver_killuplus300-at-gmail.com3\sys\sys.cpp(897): warning C4482: nonstandard extension used: enum 'cas' used in qualified name
     1>c:\users\dave.gan\desktop\controlserver_killuplus300-at-gmail.com3\sys\sys.cpp(958): warning C4996: 'fopen': This function or variable may be unsafe. Consider using fopen_s instead. To disable deprecation, use _CRT_SECURE_NO_WARNINGS. See online help for details.
                 c:\program files (x86)\microsoft visual studio 10.0\vc\include\stdio.h(234) : see declaration of 'fopen'
     1>c:\users\dave.gan\desktop\controlserver_killuplus300-at-gmail.com3\sys\sys.cpp(990): warning C4800: 'BOOL' : forcing value to bool 'true' or 'false' (performance warning)
     1>c:\users\dave.gan\desktop\controlserver_killuplus300-at-gmail.com3\sys\sys.cpp(1027): warning C4800: 'BOOL' : forcing value to bool 'true' or 'false' (performance warning)
       ManifestResourceCompile:
         All outputs are up-to-date.
       Link:
         C:\Program Files (x86)\Microsoft Visual Studio 10.0\VC\bin\link.exe /ERRORREPORT:PROMPT /OUT:"D:\ControlServer\SYS.exe" /INCREMENTAL /NOLOGO kernel32.lib user32.lib gdi32.lib winspool.lib comdlg32.lib advapi32.lib shell32.lib ole32.lib oleaut32.lib uuid.lib odbc32.lib odbccp32.lib /MANIFEST /ManifestFile:"Debug\SYS.exe.intermediate.manifest" /MANIFESTUAC:"level='asInvoker' uiAccess='false'" /DEBUG /PDB:"D:\ControlServer\SYS.pdb" /SUBSYSTEM:CONSOLE /TLBID:1 /DYNAMICBASE /NXCOMPAT /IMPLIB:"D:\ControlServer\SYS.lib" /MACHINE:X86 Debug\SYS.exe.embed.manifest.res
         Debug\SYS.obj
         Debug\stdafx.obj
       Manifest:
         C:\Program Files (x86)\Microsoft SDKs\Windows\v7.0A\bin\mt.exe /nologo /verbose /out:"Debug\SYS.exe.embed.manifest" /manifest Debug\SYS.exe.intermediate.manifest
         All outputs are up-to-date.
       LinkEmbedManifest:
         All outputs are up-to-date.
         CommunicationServerCpp.vcxproj -> D:\ControlServer\SYS.exe
       FinalizeBuildStatus:
         Deleting file "Debug\SYS.unsuccessfulbuild".
         Touching "Debug\SYS.lastbuildstate".
     1>Done Building Project "C:\Users\dave.gan\Desktop\ControlServer_killuplus300-at-gmail.com3\SYS\CommunicationServerCpp.vcxproj" (build target(s)).

Build succeeded.

Time Elapsed 00:00:04.22
