C:\USERS\DAVE.GAN\DESKTOP\20180615  INTERVIEW\20180611  COMM\COMMUNICATIONPROJ\COMMUNICATIONSERVERCPP\DEBUG\COMMUNICATIONSERVERCPP.EXE.EMBED.MANIFEST
C:\USERS\DAVE.GAN\DESKTOP\20180615  INTERVIEW\20180611  COMM\COMMUNICATIONPROJ\COMMUNICATIONSERVERCPP\DEBUG\COMMUNICATIONSERVERCPP.EXE.EMBED.MANIFEST.RES
C:\USERS\DAVE.GAN\DESKTOP\20180615  INTERVIEW\20180611  COMM\COMMUNICATIONPROJ\COMMUNICATIONSERVERCPP\DEBUG\COMMUNICATIONSERVERCPP.OBJ
C:\USERS\DAVE.GAN\DESKTOP\20180615  INTERVIEW\20180611  COMM\COMMUNICATIONPROJ\COMMUNICATIONSERVERCPP\DEBUG\COMMUNICATIONSERVERCPP.PCH
C:\USERS\DAVE.GAN\DESKTOP\20180615  INTERVIEW\20180611  COMM\COMMUNICATIONPROJ\COMMUNICATIONSERVERCPP\DEBUG\STDAFX.OBJ
C:\USERS\DAVE.GAN\DESKTOP\20180615  INTERVIEW\20180611  COMM\COMMUNICATIONPROJ\COMMUNICATIONSERVERCPP\DEBUG\VC100.PDB
C:\USERS\DAVE.GAN\DESKTOP\20180620INTERVIEW - 複製 - 複製\20180611  COMM\COMMUNICATIONPROJ\COMMUNICATIONSERVERCPP\DEBUG\COMMUNICATIONSERVERCPP.EXE.EMBED.MANIFEST.RES
C:\USERS\DAVE.GAN\DESKTOP\20180620INTERVIEW - 複製 - 複製\20180611  COMM\COMMUNICATIONPROJ\COMMUNICATIONSERVERCPP\DEBUG\COMMUNICATIONSERVERCPP.OBJ
C:\USERS\DAVE.GAN\DESKTOP\20180620INTERVIEW - 複製 - 複製\20180611  COMM\COMMUNICATIONPROJ\COMMUNICATIONSERVERCPP\DEBUG\COMMUNICATIONSERVERCPP.PCH
C:\USERS\DAVE.GAN\DESKTOP\20180620INTERVIEW - 複製 - 複製\20180611  COMM\COMMUNICATIONPROJ\COMMUNICATIONSERVERCPP\DEBUG\STDAFX.OBJ
C:\USERS\DAVE.GAN\DESKTOP\20180620INTERVIEW - 複製 - 複製\20180611  COMM\COMMUNICATIONPROJ\COMMUNICATIONSERVERCPP\DEBUG\VC100.PDB
C:\USERS\DAVE.GAN\DESKTOP\20180620INTERVIEW - 複製\20180611  COMM\COMMUNICATIONPROJ\COMMUNICATIONSERVERCPP\DEBUG\COMMUNICATIONSERVERCPP.EXE.EMBED.MANIFEST.RES
C:\USERS\DAVE.GAN\DESKTOP\20180620INTERVIEW - 複製\20180611  COMM\COMMUNICATIONPROJ\COMMUNICATIONSERVERCPP\DEBUG\COMMUNICATIONSERVERCPP.OBJ
C:\USERS\DAVE.GAN\DESKTOP\20180620INTERVIEW - 複製\20180611  COMM\COMMUNICATIONPROJ\COMMUNICATIONSERVERCPP\DEBUG\COMMUNICATIONSERVERCPP.PCH
C:\USERS\DAVE.GAN\DESKTOP\20180620INTERVIEW - 複製\20180611  COMM\COMMUNICATIONPROJ\COMMUNICATIONSERVERCPP\DEBUG\STDAFX.OBJ
C:\USERS\DAVE.GAN\DESKTOP\20180620INTERVIEW - 複製\20180611  COMM\COMMUNICATIONPROJ\COMMUNICATIONSERVERCPP\DEBUG\VC100.PDB
C:\USERS\DAVE.GAN\DESKTOP\20180620INTERVIEW\20180611  COMM\COMMUNICATIONPROJ\COMMUNICATIONSERVERCPP\DEBUG\COMMUNICATIONSERVERCPP.EXE.EMBED.MANIFEST.RES
C:\USERS\DAVE.GAN\DESKTOP\20180620INTERVIEW\20180611  COMM\COMMUNICATIONPROJ\COMMUNICATIONSERVERCPP\DEBUG\COMMUNICATIONSERVERCPP.OBJ
C:\USERS\DAVE.GAN\DESKTOP\20180620INTERVIEW\20180611  COMM\COMMUNICATIONPROJ\COMMUNICATIONSERVERCPP\DEBUG\COMMUNICATIONSERVERCPP.PCH
C:\USERS\DAVE.GAN\DESKTOP\20180620INTERVIEW\20180611  COMM\COMMUNICATIONPROJ\COMMUNICATIONSERVERCPP\DEBUG\STDAFX.OBJ
C:\USERS\DAVE.GAN\DESKTOP\20180620INTERVIEW\20180611  COMM\COMMUNICATIONPROJ\COMMUNICATIONSERVERCPP\DEBUG\VC100.PDB
C:\USERS\DAVE.GAN\DESKTOP\MYMPIMYMPI\20180626INTERVIEW\20180611  COMM\COMMUNICATIONPROJ\COMMUNICATIONSERVERCPP\DEBUG\COMMUNICATIONSERVERCPP.EXE.EMBED.MANIFEST.RES
C:\USERS\DAVE.GAN\DESKTOP\MYMPIMYMPI\20180626INTERVIEW\20180611  COMM\COMMUNICATIONPROJ\COMMUNICATIONSERVERCPP\DEBUG\COMMUNICATIONSERVERCPP.OBJ
C:\USERS\DAVE.GAN\DESKTOP\MYMPIMYMPI\20180626INTERVIEW\20180611  COMM\COMMUNICATIONPROJ\COMMUNICATIONSERVERCPP\DEBUG\COMMUNICATIONSERVERCPP.PCH
C:\USERS\DAVE.GAN\DESKTOP\MYMPIMYMPI\20180626INTERVIEW\20180611  COMM\COMMUNICATIONPROJ\COMMUNICATIONSERVERCPP\DEBUG\STDAFX.OBJ
C:\USERS\DAVE.GAN\DESKTOP\MYMPIMYMPI\20180626INTERVIEW\20180611  COMM\COMMUNICATIONPROJ\COMMUNICATIONSERVERCPP\DEBUG\VC100.PDB
C:\USERS\DAVE.GAN\DESKTOP\MYMPIMYMPI\20180626INTERVIEW_修改成日期IR\20180611  COMM\COMMUNICATIONPROJ\COMMUNICATIONSERVERCPP\DEBUG\COMMUNICATIONSERVERCPP.EXE.EMBED.MANIFEST.RES
C:\USERS\DAVE.GAN\DESKTOP\MYMPIMYMPI\20180626INTERVIEW_修改成日期IR\20180611  COMM\COMMUNICATIONPROJ\COMMUNICATIONSERVERCPP\DEBUG\COMMUNICATIONSERVERCPP.OBJ
C:\USERS\DAVE.GAN\DESKTOP\MYMPIMYMPI\20180626INTERVIEW_修改成日期IR\20180611  COMM\COMMUNICATIONPROJ\COMMUNICATIONSERVERCPP\DEBUG\COMMUNICATIONSERVERCPP.PCH
C:\USERS\DAVE.GAN\DESKTOP\MYMPIMYMPI\20180626INTERVIEW_修改成日期IR\20180611  COMM\COMMUNICATIONPROJ\COMMUNICATIONSERVERCPP\DEBUG\STDAFX.OBJ
C:\USERS\DAVE.GAN\DESKTOP\MYMPIMYMPI\20180626INTERVIEW_修改成日期IR\20180611  COMM\COMMUNICATIONPROJ\COMMUNICATIONSERVERCPP\DEBUG\VC100.PDB
C:\Users\dave.gan\Desktop\MyMPIMyMPI\20180731Interview\20180611  COMM\CommunicationProj\CommunicationServerCpp\Debug\cl.command.1.tlog
C:\Users\dave.gan\Desktop\MyMPIMyMPI\20180731Interview\20180611  COMM\CommunicationProj\CommunicationServerCpp\Debug\CL.read.1.tlog
C:\Users\dave.gan\Desktop\MyMPIMyMPI\20180731Interview\20180611  COMM\CommunicationProj\CommunicationServerCpp\Debug\CL.write.1.tlog
C:\Users\dave.gan\Desktop\MyMPIMyMPI\20180731Interview\20180611  COMM\CommunicationProj\CommunicationServerCpp\Debug\CommunicationServerCpp.exe.embed.manifest
C:\USERS\DAVE.GAN\DESKTOP\MYMPIMYMPI\20180731INTERVIEW\20180611  COMM\COMMUNICATIONPROJ\COMMUNICATIONSERVERCPP\DEBUG\COMMUNICATIONSERVERCPP.EXE.EMBED.MANIFEST.RES
C:\USERS\DAVE.GAN\DESKTOP\MYMPIMYMPI\20180731INTERVIEW\20180611  COMM\COMMUNICATIONPROJ\COMMUNICATIONSERVERCPP\DEBUG\COMMUNICATIONSERVERCPP.EXE.INTERMEDIATE.MANIFEST
C:\USERS\DAVE.GAN\DESKTOP\MYMPIMYMPI\20180731INTERVIEW\20180611  COMM\COMMUNICATIONPROJ\COMMUNICATIONSERVERCPP\DEBUG\COMMUNICATIONSERVERCPP.OBJ
C:\USERS\DAVE.GAN\DESKTOP\MYMPIMYMPI\20180731INTERVIEW\20180611  COMM\COMMUNICATIONPROJ\COMMUNICATIONSERVERCPP\DEBUG\COMMUNICATIONSERVERCPP.PCH
C:\Users\dave.gan\Desktop\MyMPIMyMPI\20180731Interview\20180611  COMM\CommunicationProj\CommunicationServerCpp\Debug\CommunicationServerCpp.vcxprojResolveAssemblyReference.cache
C:\Users\dave.gan\Desktop\MyMPIMyMPI\20180731Interview\20180611  COMM\CommunicationProj\CommunicationServerCpp\Debug\CommunicationServerCpp.write.1.tlog
C:\Users\dave.gan\Desktop\MyMPIMyMPI\20180731Interview\20180611  COMM\CommunicationProj\CommunicationServerCpp\Debug\CommunicationServerCpp_manifest.rc
C:\Users\dave.gan\Desktop\MyMPIMyMPI\20180731Interview\20180611  COMM\CommunicationProj\CommunicationServerCpp\Debug\link.10144.read.1.tlog
C:\Users\dave.gan\Desktop\MyMPIMyMPI\20180731Interview\20180611  COMM\CommunicationProj\CommunicationServerCpp\Debug\link.10144.write.1.tlog
C:\Users\dave.gan\Desktop\MyMPIMyMPI\20180731Interview\20180611  COMM\CommunicationProj\CommunicationServerCpp\Debug\link.10144-cvtres.read.1.tlog
C:\Users\dave.gan\Desktop\MyMPIMyMPI\20180731Interview\20180611  COMM\CommunicationProj\CommunicationServerCpp\Debug\link.10144-cvtres.write.1.tlog
C:\Users\dave.gan\Desktop\MyMPIMyMPI\20180731Interview\20180611  COMM\CommunicationProj\CommunicationServerCpp\Debug\link.10672.read.1.tlog
C:\Users\dave.gan\Desktop\MyMPIMyMPI\20180731Interview\20180611  COMM\CommunicationProj\CommunicationServerCpp\Debug\link.10672.write.1.tlog
C:\Users\dave.gan\Desktop\MyMPIMyMPI\20180731Interview\20180611  COMM\CommunicationProj\CommunicationServerCpp\Debug\link.10672-cvtres.read.1.tlog
C:\Users\dave.gan\Desktop\MyMPIMyMPI\20180731Interview\20180611  COMM\CommunicationProj\CommunicationServerCpp\Debug\link.10672-cvtres.write.1.tlog
C:\Users\dave.gan\Desktop\MyMPIMyMPI\20180731Interview\20180611  COMM\CommunicationProj\CommunicationServerCpp\Debug\link.11244.read.1.tlog
C:\Users\dave.gan\Desktop\MyMPIMyMPI\20180731Interview\20180611  COMM\CommunicationProj\CommunicationServerCpp\Debug\link.11244.write.1.tlog
C:\Users\dave.gan\Desktop\MyMPIMyMPI\20180731Interview\20180611  COMM\CommunicationProj\CommunicationServerCpp\Debug\link.11244-cvtres.read.1.tlog
C:\Users\dave.gan\Desktop\MyMPIMyMPI\20180731Interview\20180611  COMM\CommunicationProj\CommunicationServerCpp\Debug\link.11244-cvtres.write.1.tlog
C:\Users\dave.gan\Desktop\MyMPIMyMPI\20180731Interview\20180611  COMM\CommunicationProj\CommunicationServerCpp\Debug\link.11312.read.1.tlog
C:\Users\dave.gan\Desktop\MyMPIMyMPI\20180731Interview\20180611  COMM\CommunicationProj\CommunicationServerCpp\Debug\link.11312.write.1.tlog
C:\Users\dave.gan\Desktop\MyMPIMyMPI\20180731Interview\20180611  COMM\CommunicationProj\CommunicationServerCpp\Debug\link.11312-cvtres.read.1.tlog
C:\Users\dave.gan\Desktop\MyMPIMyMPI\20180731Interview\20180611  COMM\CommunicationProj\CommunicationServerCpp\Debug\link.11312-cvtres.write.1.tlog
C:\Users\dave.gan\Desktop\MyMPIMyMPI\20180731Interview\20180611  COMM\CommunicationProj\CommunicationServerCpp\Debug\link.11624.read.1.tlog
C:\Users\dave.gan\Desktop\MyMPIMyMPI\20180731Interview\20180611  COMM\CommunicationProj\CommunicationServerCpp\Debug\link.11624.write.1.tlog
C:\Users\dave.gan\Desktop\MyMPIMyMPI\20180731Interview\20180611  COMM\CommunicationProj\CommunicationServerCpp\Debug\link.11624-cvtres.read.1.tlog
C:\Users\dave.gan\Desktop\MyMPIMyMPI\20180731Interview\20180611  COMM\CommunicationProj\CommunicationServerCpp\Debug\link.11624-cvtres.write.1.tlog
C:\Users\dave.gan\Desktop\MyMPIMyMPI\20180731Interview\20180611  COMM\CommunicationProj\CommunicationServerCpp\Debug\link.11816.read.1.tlog
C:\Users\dave.gan\Desktop\MyMPIMyMPI\20180731Interview\20180611  COMM\CommunicationProj\CommunicationServerCpp\Debug\link.11816.write.1.tlog
C:\Users\dave.gan\Desktop\MyMPIMyMPI\20180731Interview\20180611  COMM\CommunicationProj\CommunicationServerCpp\Debug\link.11816-cvtres.read.1.tlog
C:\Users\dave.gan\Desktop\MyMPIMyMPI\20180731Interview\20180611  COMM\CommunicationProj\CommunicationServerCpp\Debug\link.11816-cvtres.write.1.tlog
C:\Users\dave.gan\Desktop\MyMPIMyMPI\20180731Interview\20180611  COMM\CommunicationProj\CommunicationServerCpp\Debug\link.12200.read.1.tlog
C:\Users\dave.gan\Desktop\MyMPIMyMPI\20180731Interview\20180611  COMM\CommunicationProj\CommunicationServerCpp\Debug\link.12200.write.1.tlog
C:\Users\dave.gan\Desktop\MyMPIMyMPI\20180731Interview\20180611  COMM\CommunicationProj\CommunicationServerCpp\Debug\link.12200-cvtres.read.1.tlog
C:\Users\dave.gan\Desktop\MyMPIMyMPI\20180731Interview\20180611  COMM\CommunicationProj\CommunicationServerCpp\Debug\link.12200-cvtres.write.1.tlog
C:\Users\dave.gan\Desktop\MyMPIMyMPI\20180731Interview\20180611  COMM\CommunicationProj\CommunicationServerCpp\Debug\link.12280.read.1.tlog
C:\Users\dave.gan\Desktop\MyMPIMyMPI\20180731Interview\20180611  COMM\CommunicationProj\CommunicationServerCpp\Debug\link.12280.write.1.tlog
C:\Users\dave.gan\Desktop\MyMPIMyMPI\20180731Interview\20180611  COMM\CommunicationProj\CommunicationServerCpp\Debug\link.12280-cvtres.read.1.tlog
C:\Users\dave.gan\Desktop\MyMPIMyMPI\20180731Interview\20180611  COMM\CommunicationProj\CommunicationServerCpp\Debug\link.12280-cvtres.write.1.tlog
C:\Users\dave.gan\Desktop\MyMPIMyMPI\20180731Interview\20180611  COMM\CommunicationProj\CommunicationServerCpp\Debug\link.12312.read.1.tlog
C:\Users\dave.gan\Desktop\MyMPIMyMPI\20180731Interview\20180611  COMM\CommunicationProj\CommunicationServerCpp\Debug\link.12312.write.1.tlog
C:\Users\dave.gan\Desktop\MyMPIMyMPI\20180731Interview\20180611  COMM\CommunicationProj\CommunicationServerCpp\Debug\link.12312-cvtres.read.1.tlog
C:\Users\dave.gan\Desktop\MyMPIMyMPI\20180731Interview\20180611  COMM\CommunicationProj\CommunicationServerCpp\Debug\link.12312-cvtres.write.1.tlog
C:\Users\dave.gan\Desktop\MyMPIMyMPI\20180731Interview\20180611  COMM\CommunicationProj\CommunicationServerCpp\Debug\link.12372.read.1.tlog
C:\Users\dave.gan\Desktop\MyMPIMyMPI\20180731Interview\20180611  COMM\CommunicationProj\CommunicationServerCpp\Debug\link.12372.write.1.tlog
C:\Users\dave.gan\Desktop\MyMPIMyMPI\20180731Interview\20180611  COMM\CommunicationProj\CommunicationServerCpp\Debug\link.12372-cvtres.read.1.tlog
C:\Users\dave.gan\Desktop\MyMPIMyMPI\20180731Interview\20180611  COMM\CommunicationProj\CommunicationServerCpp\Debug\link.12372-cvtres.write.1.tlog
C:\Users\dave.gan\Desktop\MyMPIMyMPI\20180731Interview\20180611  COMM\CommunicationProj\CommunicationServerCpp\Debug\link.12444.read.1.tlog
C:\Users\dave.gan\Desktop\MyMPIMyMPI\20180731Interview\20180611  COMM\CommunicationProj\CommunicationServerCpp\Debug\link.12444.write.1.tlog
C:\Users\dave.gan\Desktop\MyMPIMyMPI\20180731Interview\20180611  COMM\CommunicationProj\CommunicationServerCpp\Debug\link.12444-cvtres.read.1.tlog
C:\Users\dave.gan\Desktop\MyMPIMyMPI\20180731Interview\20180611  COMM\CommunicationProj\CommunicationServerCpp\Debug\link.12444-cvtres.write.1.tlog
C:\Users\dave.gan\Desktop\MyMPIMyMPI\20180731Interview\20180611  COMM\CommunicationProj\CommunicationServerCpp\Debug\link.12464.read.1.tlog
C:\Users\dave.gan\Desktop\MyMPIMyMPI\20180731Interview\20180611  COMM\CommunicationProj\CommunicationServerCpp\Debug\link.12464.write.1.tlog
C:\Users\dave.gan\Desktop\MyMPIMyMPI\20180731Interview\20180611  COMM\CommunicationProj\CommunicationServerCpp\Debug\link.12464-cvtres.read.1.tlog
C:\Users\dave.gan\Desktop\MyMPIMyMPI\20180731Interview\20180611  COMM\CommunicationProj\CommunicationServerCpp\Debug\link.12464-cvtres.write.1.tlog
C:\Users\dave.gan\Desktop\MyMPIMyMPI\20180731Interview\20180611  COMM\CommunicationProj\CommunicationServerCpp\Debug\link.13308.read.1.tlog
C:\Users\dave.gan\Desktop\MyMPIMyMPI\20180731Interview\20180611  COMM\CommunicationProj\CommunicationServerCpp\Debug\link.13308.write.1.tlog
C:\Users\dave.gan\Desktop\MyMPIMyMPI\20180731Interview\20180611  COMM\CommunicationProj\CommunicationServerCpp\Debug\link.13308-cvtres.read.1.tlog
C:\Users\dave.gan\Desktop\MyMPIMyMPI\20180731Interview\20180611  COMM\CommunicationProj\CommunicationServerCpp\Debug\link.13308-cvtres.write.1.tlog
C:\Users\dave.gan\Desktop\MyMPIMyMPI\20180731Interview\20180611  COMM\CommunicationProj\CommunicationServerCpp\Debug\link.14028.read.1.tlog
C:\Users\dave.gan\Desktop\MyMPIMyMPI\20180731Interview\20180611  COMM\CommunicationProj\CommunicationServerCpp\Debug\link.14028.write.1.tlog
C:\Users\dave.gan\Desktop\MyMPIMyMPI\20180731Interview\20180611  COMM\CommunicationProj\CommunicationServerCpp\Debug\link.14028-cvtres.read.1.tlog
C:\Users\dave.gan\Desktop\MyMPIMyMPI\20180731Interview\20180611  COMM\CommunicationProj\CommunicationServerCpp\Debug\link.14028-cvtres.write.1.tlog
C:\Users\dave.gan\Desktop\MyMPIMyMPI\20180731Interview\20180611  COMM\CommunicationProj\CommunicationServerCpp\Debug\link.15092.read.1.tlog
C:\Users\dave.gan\Desktop\MyMPIMyMPI\20180731Interview\20180611  COMM\CommunicationProj\CommunicationServerCpp\Debug\link.15092.write.1.tlog
C:\Users\dave.gan\Desktop\MyMPIMyMPI\20180731Interview\20180611  COMM\CommunicationProj\CommunicationServerCpp\Debug\link.15092-cvtres.read.1.tlog
C:\Users\dave.gan\Desktop\MyMPIMyMPI\20180731Interview\20180611  COMM\CommunicationProj\CommunicationServerCpp\Debug\link.15092-cvtres.write.1.tlog
C:\Users\dave.gan\Desktop\MyMPIMyMPI\20180731Interview\20180611  COMM\CommunicationProj\CommunicationServerCpp\Debug\link.15612.read.1.tlog
C:\Users\dave.gan\Desktop\MyMPIMyMPI\20180731Interview\20180611  COMM\CommunicationProj\CommunicationServerCpp\Debug\link.15612.write.1.tlog
C:\Users\dave.gan\Desktop\MyMPIMyMPI\20180731Interview\20180611  COMM\CommunicationProj\CommunicationServerCpp\Debug\link.15612-cvtres.read.1.tlog
C:\Users\dave.gan\Desktop\MyMPIMyMPI\20180731Interview\20180611  COMM\CommunicationProj\CommunicationServerCpp\Debug\link.15612-cvtres.write.1.tlog
C:\Users\dave.gan\Desktop\MyMPIMyMPI\20180731Interview\20180611  COMM\CommunicationProj\CommunicationServerCpp\Debug\link.16140.read.1.tlog
C:\Users\dave.gan\Desktop\MyMPIMyMPI\20180731Interview\20180611  COMM\CommunicationProj\CommunicationServerCpp\Debug\link.16140.write.1.tlog
C:\Users\dave.gan\Desktop\MyMPIMyMPI\20180731Interview\20180611  COMM\CommunicationProj\CommunicationServerCpp\Debug\link.16140-cvtres.read.1.tlog
C:\Users\dave.gan\Desktop\MyMPIMyMPI\20180731Interview\20180611  COMM\CommunicationProj\CommunicationServerCpp\Debug\link.16140-cvtres.write.1.tlog
C:\Users\dave.gan\Desktop\MyMPIMyMPI\20180731Interview\20180611  COMM\CommunicationProj\CommunicationServerCpp\Debug\link.16188.read.1.tlog
C:\Users\dave.gan\Desktop\MyMPIMyMPI\20180731Interview\20180611  COMM\CommunicationProj\CommunicationServerCpp\Debug\link.16188.write.1.tlog
C:\Users\dave.gan\Desktop\MyMPIMyMPI\20180731Interview\20180611  COMM\CommunicationProj\CommunicationServerCpp\Debug\link.16188-cvtres.read.1.tlog
C:\Users\dave.gan\Desktop\MyMPIMyMPI\20180731Interview\20180611  COMM\CommunicationProj\CommunicationServerCpp\Debug\link.16188-cvtres.write.1.tlog
C:\Users\dave.gan\Desktop\MyMPIMyMPI\20180731Interview\20180611  COMM\CommunicationProj\CommunicationServerCpp\Debug\link.1788.read.1.tlog
C:\Users\dave.gan\Desktop\MyMPIMyMPI\20180731Interview\20180611  COMM\CommunicationProj\CommunicationServerCpp\Debug\link.1788.write.1.tlog
C:\Users\dave.gan\Desktop\MyMPIMyMPI\20180731Interview\20180611  COMM\CommunicationProj\CommunicationServerCpp\Debug\link.1788-cvtres.read.1.tlog
C:\Users\dave.gan\Desktop\MyMPIMyMPI\20180731Interview\20180611  COMM\CommunicationProj\CommunicationServerCpp\Debug\link.1788-cvtres.write.1.tlog
C:\Users\dave.gan\Desktop\MyMPIMyMPI\20180731Interview\20180611  COMM\CommunicationProj\CommunicationServerCpp\Debug\link.1836.read.1.tlog
C:\Users\dave.gan\Desktop\MyMPIMyMPI\20180731Interview\20180611  COMM\CommunicationProj\CommunicationServerCpp\Debug\link.1836.write.1.tlog
C:\Users\dave.gan\Desktop\MyMPIMyMPI\20180731Interview\20180611  COMM\CommunicationProj\CommunicationServerCpp\Debug\link.1836-cvtres.read.1.tlog
C:\Users\dave.gan\Desktop\MyMPIMyMPI\20180731Interview\20180611  COMM\CommunicationProj\CommunicationServerCpp\Debug\link.1836-cvtres.write.1.tlog
C:\Users\dave.gan\Desktop\MyMPIMyMPI\20180731Interview\20180611  COMM\CommunicationProj\CommunicationServerCpp\Debug\link.21360.read.1.tlog
C:\Users\dave.gan\Desktop\MyMPIMyMPI\20180731Interview\20180611  COMM\CommunicationProj\CommunicationServerCpp\Debug\link.21360.write.1.tlog
C:\Users\dave.gan\Desktop\MyMPIMyMPI\20180731Interview\20180611  COMM\CommunicationProj\CommunicationServerCpp\Debug\link.21360-cvtres.read.1.tlog
C:\Users\dave.gan\Desktop\MyMPIMyMPI\20180731Interview\20180611  COMM\CommunicationProj\CommunicationServerCpp\Debug\link.21360-cvtres.write.1.tlog
C:\Users\dave.gan\Desktop\MyMPIMyMPI\20180731Interview\20180611  COMM\CommunicationProj\CommunicationServerCpp\Debug\link.2676.read.1.tlog
C:\Users\dave.gan\Desktop\MyMPIMyMPI\20180731Interview\20180611  COMM\CommunicationProj\CommunicationServerCpp\Debug\link.2676.write.1.tlog
C:\Users\dave.gan\Desktop\MyMPIMyMPI\20180731Interview\20180611  COMM\CommunicationProj\CommunicationServerCpp\Debug\link.2676-cvtres.read.1.tlog
C:\Users\dave.gan\Desktop\MyMPIMyMPI\20180731Interview\20180611  COMM\CommunicationProj\CommunicationServerCpp\Debug\link.2676-cvtres.write.1.tlog
C:\Users\dave.gan\Desktop\MyMPIMyMPI\20180731Interview\20180611  COMM\CommunicationProj\CommunicationServerCpp\Debug\link.28576.read.1.tlog
C:\Users\dave.gan\Desktop\MyMPIMyMPI\20180731Interview\20180611  COMM\CommunicationProj\CommunicationServerCpp\Debug\link.28576.write.1.tlog
C:\Users\dave.gan\Desktop\MyMPIMyMPI\20180731Interview\20180611  COMM\CommunicationProj\CommunicationServerCpp\Debug\link.28576-cvtres.read.1.tlog
C:\Users\dave.gan\Desktop\MyMPIMyMPI\20180731Interview\20180611  COMM\CommunicationProj\CommunicationServerCpp\Debug\link.28576-cvtres.write.1.tlog
C:\Users\dave.gan\Desktop\MyMPIMyMPI\20180731Interview\20180611  COMM\CommunicationProj\CommunicationServerCpp\Debug\link.4752.read.1.tlog
C:\Users\dave.gan\Desktop\MyMPIMyMPI\20180731Interview\20180611  COMM\CommunicationProj\CommunicationServerCpp\Debug\link.4752.write.1.tlog
C:\Users\dave.gan\Desktop\MyMPIMyMPI\20180731Interview\20180611  COMM\CommunicationProj\CommunicationServerCpp\Debug\link.4752-cvtres.read.1.tlog
C:\Users\dave.gan\Desktop\MyMPIMyMPI\20180731Interview\20180611  COMM\CommunicationProj\CommunicationServerCpp\Debug\link.4752-cvtres.write.1.tlog
C:\Users\dave.gan\Desktop\MyMPIMyMPI\20180731Interview\20180611  COMM\CommunicationProj\CommunicationServerCpp\Debug\link.5712.read.1.tlog
C:\Users\dave.gan\Desktop\MyMPIMyMPI\20180731Interview\20180611  COMM\CommunicationProj\CommunicationServerCpp\Debug\link.5712.write.1.tlog
C:\Users\dave.gan\Desktop\MyMPIMyMPI\20180731Interview\20180611  COMM\CommunicationProj\CommunicationServerCpp\Debug\link.5712-cvtres.read.1.tlog
C:\Users\dave.gan\Desktop\MyMPIMyMPI\20180731Interview\20180611  COMM\CommunicationProj\CommunicationServerCpp\Debug\link.5712-cvtres.write.1.tlog
C:\Users\dave.gan\Desktop\MyMPIMyMPI\20180731Interview\20180611  COMM\CommunicationProj\CommunicationServerCpp\Debug\link.8156.read.1.tlog
C:\Users\dave.gan\Desktop\MyMPIMyMPI\20180731Interview\20180611  COMM\CommunicationProj\CommunicationServerCpp\Debug\link.8156.write.1.tlog
C:\Users\dave.gan\Desktop\MyMPIMyMPI\20180731Interview\20180611  COMM\CommunicationProj\CommunicationServerCpp\Debug\link.8156-cvtres.read.1.tlog
C:\Users\dave.gan\Desktop\MyMPIMyMPI\20180731Interview\20180611  COMM\CommunicationProj\CommunicationServerCpp\Debug\link.8156-cvtres.write.1.tlog
C:\Users\dave.gan\Desktop\MyMPIMyMPI\20180731Interview\20180611  COMM\CommunicationProj\CommunicationServerCpp\Debug\link.896.read.1.tlog
C:\Users\dave.gan\Desktop\MyMPIMyMPI\20180731Interview\20180611  COMM\CommunicationProj\CommunicationServerCpp\Debug\link.896.write.1.tlog
C:\Users\dave.gan\Desktop\MyMPIMyMPI\20180731Interview\20180611  COMM\CommunicationProj\CommunicationServerCpp\Debug\link.896-cvtres.read.1.tlog
C:\Users\dave.gan\Desktop\MyMPIMyMPI\20180731Interview\20180611  COMM\CommunicationProj\CommunicationServerCpp\Debug\link.896-cvtres.write.1.tlog
C:\Users\dave.gan\Desktop\MyMPIMyMPI\20180731Interview\20180611  COMM\CommunicationProj\CommunicationServerCpp\Debug\link.9680.read.1.tlog
C:\Users\dave.gan\Desktop\MyMPIMyMPI\20180731Interview\20180611  COMM\CommunicationProj\CommunicationServerCpp\Debug\link.9680.write.1.tlog
C:\Users\dave.gan\Desktop\MyMPIMyMPI\20180731Interview\20180611  COMM\CommunicationProj\CommunicationServerCpp\Debug\link.9680-cvtres.read.1.tlog
C:\Users\dave.gan\Desktop\MyMPIMyMPI\20180731Interview\20180611  COMM\CommunicationProj\CommunicationServerCpp\Debug\link.9680-cvtres.write.1.tlog
C:\Users\dave.gan\Desktop\MyMPIMyMPI\20180731Interview\20180611  COMM\CommunicationProj\CommunicationServerCpp\Debug\link.command.1.tlog
C:\Users\dave.gan\Desktop\MyMPIMyMPI\20180731Interview\20180611  COMM\CommunicationProj\CommunicationServerCpp\Debug\link.read.1.tlog
C:\Users\dave.gan\Desktop\MyMPIMyMPI\20180731Interview\20180611  COMM\CommunicationProj\CommunicationServerCpp\Debug\link.write.1.tlog
C:\Users\dave.gan\Desktop\MyMPIMyMPI\20180731Interview\20180611  COMM\CommunicationProj\CommunicationServerCpp\Debug\link-cvtres.read.1.tlog
C:\Users\dave.gan\Desktop\MyMPIMyMPI\20180731Interview\20180611  COMM\CommunicationProj\CommunicationServerCpp\Debug\link-cvtres.write.1.tlog
C:\Users\dave.gan\Desktop\MyMPIMyMPI\20180731Interview\20180611  COMM\CommunicationProj\CommunicationServerCpp\Debug\mt.command.1.tlog
C:\Users\dave.gan\Desktop\MyMPIMyMPI\20180731Interview\20180611  COMM\CommunicationProj\CommunicationServerCpp\Debug\mt.read.1.tlog
C:\Users\dave.gan\Desktop\MyMPIMyMPI\20180731Interview\20180611  COMM\CommunicationProj\CommunicationServerCpp\Debug\mt.write.1.tlog
C:\Users\dave.gan\Desktop\MyMPIMyMPI\20180731Interview\20180611  COMM\CommunicationProj\CommunicationServerCpp\Debug\rc.command.1.tlog
C:\Users\dave.gan\Desktop\MyMPIMyMPI\20180731Interview\20180611  COMM\CommunicationProj\CommunicationServerCpp\Debug\rc.read.1.tlog
C:\Users\dave.gan\Desktop\MyMPIMyMPI\20180731Interview\20180611  COMM\CommunicationProj\CommunicationServerCpp\Debug\rc.write.1.tlog
C:\USERS\DAVE.GAN\DESKTOP\MYMPIMYMPI\20180731INTERVIEW\20180611  COMM\COMMUNICATIONPROJ\COMMUNICATIONSERVERCPP\DEBUG\STDAFX.OBJ
C:\Users\dave.gan\Desktop\MyMPIMyMPI\20180731Interview\20180611  COMM\CommunicationProj\CommunicationServerCpp\Debug\vc100.idb
C:\USERS\DAVE.GAN\DESKTOP\MYMPIMYMPI\20180731INTERVIEW\20180611  COMM\COMMUNICATIONPROJ\COMMUNICATIONSERVERCPP\DEBUG\VC100.PDB
C:\USERS\LENOVO\DESKTOP\20180731INTERVIEW\20180611  COMM\COMMUNICATIONPROJ\COMMUNICATIONSERVERCPP\DEBUG\COMMUNICATIONSERVERCPP.EXE.EMBED.MANIFEST.RES
C:\USERS\LENOVO\DESKTOP\20180731INTERVIEW\20180611  COMM\COMMUNICATIONPROJ\COMMUNICATIONSERVERCPP\DEBUG\COMMUNICATIONSERVERCPP.OBJ
C:\USERS\LENOVO\DESKTOP\20180731INTERVIEW\20180611  COMM\COMMUNICATIONPROJ\COMMUNICATIONSERVERCPP\DEBUG\COMMUNICATIONSERVERCPP.PCH
C:\USERS\LENOVO\DESKTOP\20180731INTERVIEW\20180611  COMM\COMMUNICATIONPROJ\COMMUNICATIONSERVERCPP\DEBUG\STDAFX.OBJ
C:\USERS\LENOVO\DESKTOP\20180731INTERVIEW\20180611  COMM\COMMUNICATIONPROJ\COMMUNICATIONSERVERCPP\DEBUG\VC100.PDB
C:\USERS\LENOVO\DESKTOP\COMMUNICATIONPROJ\COMMUNICATIONSERVERCPP\DEBUG\COMMUNICATIONSERVERCPP.EXE.EMBED.MANIFEST.RES
C:\USERS\LENOVO\DESKTOP\COMMUNICATIONPROJ\COMMUNICATIONSERVERCPP\DEBUG\COMMUNICATIONSERVERCPP.OBJ
C:\USERS\LENOVO\DESKTOP\COMMUNICATIONPROJ\COMMUNICATIONSERVERCPP\DEBUG\COMMUNICATIONSERVERCPP.PCH
C:\USERS\LENOVO\DESKTOP\COMMUNICATIONPROJ\COMMUNICATIONSERVERCPP\DEBUG\STDAFX.OBJ
C:\USERS\LENOVO\DESKTOP\COMMUNICATIONPROJ\COMMUNICATIONSERVERCPP\DEBUG\VC100.PDB
D:\CONTROLSERVER\COMMUNICATIONSERVERCPP.EXE
D:\CONTROLSERVER\COMMUNICATIONSERVERCPP.ILK
D:\CONTROLSERVER\COMMUNICATIONSERVERCPP.PDB
