C:\Users\Gan\Desktop\2018 0928 1902 MyMPI\MyMPI\201808231800Interview\CommunicationProj\SYS\Debug\cl.command.1.tlog
C:\Users\Gan\Desktop\2018 0928 1902 MyMPI\MyMPI\201808231800Interview\CommunicationProj\SYS\Debug\CL.read.1.tlog
C:\Users\Gan\Desktop\2018 0928 1902 MyMPI\MyMPI\201808231800Interview\CommunicationProj\SYS\Debug\CL.write.1.tlog
C:\Users\Gan\Desktop\2018 0928 1902 MyMPI\MyMPI\201808231800Interview\CommunicationProj\SYS\Debug\link.50812.read.1.tlog
C:\Users\Gan\Desktop\2018 0928 1902 MyMPI\MyMPI\201808231800Interview\CommunicationProj\SYS\Debug\link.50812.write.1.tlog
C:\Users\Gan\Desktop\2018 0928 1902 MyMPI\MyMPI\201808231800Interview\CommunicationProj\SYS\Debug\link.50812-cvtres.read.1.tlog
C:\Users\Gan\Desktop\2018 0928 1902 MyMPI\MyMPI\201808231800Interview\CommunicationProj\SYS\Debug\link.50812-cvtres.write.1.tlog
C:\Users\Gan\Desktop\2018 0928 1902 MyMPI\MyMPI\201808231800Interview\CommunicationProj\SYS\Debug\link.command.1.tlog
C:\Users\Gan\Desktop\2018 0928 1902 MyMPI\MyMPI\201808231800Interview\CommunicationProj\SYS\Debug\link.read.1.tlog
C:\Users\Gan\Desktop\2018 0928 1902 MyMPI\MyMPI\201808231800Interview\CommunicationProj\SYS\Debug\link.write.1.tlog
C:\Users\Gan\Desktop\2018 0928 1902 MyMPI\MyMPI\201808231800Interview\CommunicationProj\SYS\Debug\link-cvtres.read.1.tlog
C:\Users\Gan\Desktop\2018 0928 1902 MyMPI\MyMPI\201808231800Interview\CommunicationProj\SYS\Debug\link-cvtres.write.1.tlog
C:\Users\Gan\Desktop\2018 0928 1902 MyMPI\MyMPI\201808231800Interview\CommunicationProj\SYS\Debug\mt.command.1.tlog
C:\Users\Gan\Desktop\2018 0928 1902 MyMPI\MyMPI\201808231800Interview\CommunicationProj\SYS\Debug\mt.read.1.tlog
C:\Users\Gan\Desktop\2018 0928 1902 MyMPI\MyMPI\201808231800Interview\CommunicationProj\SYS\Debug\mt.write.1.tlog
C:\Users\Gan\Desktop\2018 0928 1902 MyMPI\MyMPI\201808231800Interview\CommunicationProj\SYS\Debug\rc.command.1.tlog
C:\Users\Gan\Desktop\2018 0928 1902 MyMPI\MyMPI\201808231800Interview\CommunicationProj\SYS\Debug\rc.read.1.tlog
C:\Users\Gan\Desktop\2018 0928 1902 MyMPI\MyMPI\201808231800Interview\CommunicationProj\SYS\Debug\rc.write.1.tlog
C:\Users\Gan\Desktop\2018 0928 1902 MyMPI\MyMPI\201808231800Interview\CommunicationProj\SYS\Debug\stdafx.obj
C:\Users\Gan\Desktop\2018 0928 1902 MyMPI\MyMPI\201808231800Interview\CommunicationProj\SYS\Debug\SYS.exe.embed.manifest
C:\Users\Gan\Desktop\2018 0928 1902 MyMPI\MyMPI\201808231800Interview\CommunicationProj\SYS\Debug\SYS.exe.embed.manifest.res
C:\Users\Gan\Desktop\2018 0928 1902 MyMPI\MyMPI\201808231800Interview\CommunicationProj\SYS\Debug\SYS.exe.intermediate.manifest
C:\Users\Gan\Desktop\2018 0928 1902 MyMPI\MyMPI\201808231800Interview\CommunicationProj\SYS\Debug\SYS.obj
C:\Users\Gan\Desktop\2018 0928 1902 MyMPI\MyMPI\201808231800Interview\CommunicationProj\SYS\Debug\SYS.pch
C:\Users\Gan\Desktop\2018 0928 1902 MyMPI\MyMPI\201808231800Interview\CommunicationProj\SYS\Debug\SYS.write.1.tlog
C:\Users\Gan\Desktop\2018 0928 1902 MyMPI\MyMPI\201808231800Interview\CommunicationProj\SYS\Debug\SYS_manifest.rc
C:\Users\Gan\Desktop\2018 0928 1902 MyMPI\MyMPI\201808231800Interview\CommunicationProj\SYS\Debug\vc100.idb
C:\Users\Gan\Desktop\2018 0928 1902 MyMPI\MyMPI\201808231800Interview\CommunicationProj\SYS\Debug\vc100.pdb
D:\CONTROLSERVER\SYS.EXE
D:\CONTROLSERVER\SYS.ILK
D:\CONTROLSERVER\SYS.PDB
D:\MYMPI\201808231800INTERVIEW\COMMUNICATIONPROJ\SYS\DEBUG\STDAFX.OBJ
D:\MYMPI\201808231800INTERVIEW\COMMUNICATIONPROJ\SYS\DEBUG\SYS.EXE.EMBED.MANIFEST
D:\MYMPI\201808231800INTERVIEW\COMMUNICATIONPROJ\SYS\DEBUG\SYS.EXE.EMBED.MANIFEST.RES
D:\MYMPI\201808231800INTERVIEW\COMMUNICATIONPROJ\SYS\DEBUG\SYS.EXE.INTERMEDIATE.MANIFEST
D:\MYMPI\201808231800INTERVIEW\COMMUNICATIONPROJ\SYS\DEBUG\SYS.OBJ
D:\MYMPI\201808231800INTERVIEW\COMMUNICATIONPROJ\SYS\DEBUG\SYS.PCH
D:\MYMPI\201808231800INTERVIEW\COMMUNICATIONPROJ\SYS\DEBUG\VC100.PDB
